Using pre-set license
Built from '2021.3/staging' branch; Version is '2021.3.24f1 (cf10dcf7010d) revision 13570268'; Using compiler version '192829333'; Build Type 'Release'
OS: 'Windows 10  (10.0.19045) 64bit Enterprise' Language: 'en' Physical Memory: 32490 MB
BatchMode: 1, IsHumanControllingUs: 0, StartBugReporterOnCrash: 0, Is64bit: 1, IsPro: 1

COMMAND LINE ARGUMENTS:
C:\Program Files\Unity\Hub\Editor\2021.3.24f1\Editor\Unity.exe
-adb2
-batchMode
-noUpm
-name
AssetImportWorker1
-projectPath
C:/Users/2062581/Documents/GitHub/Outbreak
-logFile
Logs/AssetImportWorker1.log
-srvPort
58739
Successfully changed project path to: C:/Users/2062581/Documents/GitHub/Outbreak
C:/Users/2062581/Documents/GitHub/Outbreak
[UnityMemory] Configuration Parameters - Can be set up in boot.config
    "memorysetup-bucket-allocator-granularity=16"
    "memorysetup-bucket-allocator-bucket-count=8"
    "memorysetup-bucket-allocator-block-size=33554432"
    "memorysetup-bucket-allocator-block-count=8"
    "memorysetup-main-allocator-block-size=16777216"
    "memorysetup-thread-allocator-block-size=16777216"
    "memorysetup-gfx-main-allocator-block-size=16777216"
    "memorysetup-gfx-thread-allocator-block-size=16777216"
    "memorysetup-cache-allocator-block-size=4194304"
    "memorysetup-typetree-allocator-block-size=2097152"
    "memorysetup-profiler-bucket-allocator-granularity=16"
    "memorysetup-profiler-bucket-allocator-bucket-count=8"
    "memorysetup-profiler-bucket-allocator-block-size=33554432"
    "memorysetup-profiler-bucket-allocator-block-count=8"
    "memorysetup-profiler-allocator-block-size=16777216"
    "memorysetup-profiler-editor-allocator-block-size=1048576"
    "memorysetup-temp-allocator-size-main=16777216"
    "memorysetup-job-temp-allocator-block-size=2097152"
    "memorysetup-job-temp-allocator-block-size-background=1048576"
    "memorysetup-job-temp-allocator-reduction-small-platforms=262144"
    "memorysetup-temp-allocator-size-background-worker=32768"
    "memorysetup-temp-allocator-size-job-worker=262144"
    "memorysetup-temp-allocator-size-preload-manager=33554432"
    "memorysetup-temp-allocator-size-nav-mesh-worker=65536"
    "memorysetup-temp-allocator-size-audio-worker=65536"
    "memorysetup-temp-allocator-size-cloud-worker=32768"
    "memorysetup-temp-allocator-size-gi-baking-worker=262144"
    "memorysetup-temp-allocator-size-gfx=262144"
Player connection [12000] Host "[IP] 10.1.3.189 [Port] 0 [Flags] 2 [Guid] 349444989 [EditorId] 349444989 [Version] 1048832 [Id] WindowsEditor(7,d24229-15cxth3) [Debug] 1 [PackageName] WindowsEditor [ProjectName] Editor" joined multi-casting on [225.0.0.222:54997]...

Player connection [12000] Host "[IP] 10.1.3.189 [Port] 0 [Flags] 2 [Guid] 349444989 [EditorId] 349444989 [Version] 1048832 [Id] WindowsEditor(7,d24229-15cxth3) [Debug] 1 [PackageName] WindowsEditor [ProjectName] Editor" joined alternative multi-casting on [225.0.0.222:34997]...

Refreshing native plugins compatible for Editor in 64.52 ms, found 3 plugins.
Preloading 0 native plugins for Editor in 0.00 ms.
Initialize engine version: 2021.3.24f1 (cf10dcf7010d)
[Subsystems] Discovering subsystems at path C:/Program Files/Unity/Hub/Editor/2021.3.24f1/Editor/Data/Resources/UnitySubsystems
[Subsystems] Discovering subsystems at path C:/Users/2062581/Documents/GitHub/Outbreak/Assets
GfxDevice: creating device client; threaded=0; jobified=0
Direct3D:
    Version:  Direct3D 11.0 [level 11.1]
    Renderer: NVIDIA GeForce GTX 1650 Ti (ID=0x1f95)
    Vendor:   NVIDIA
    VRAM:     3962 MB
    Driver:   31.0.15.1694
Initialize mono
Mono path[0] = 'C:/Program Files/Unity/Hub/Editor/2021.3.24f1/Editor/Data/Managed'
Mono path[1] = 'C:/Program Files/Unity/Hub/Editor/2021.3.24f1/Editor/Data/MonoBleedingEdge/lib/mono/unityjit-win32'
Mono config path = 'C:/Program Files/Unity/Hub/Editor/2021.3.24f1/Editor/Data/MonoBleedingEdge/etc'
Using monoOptions --debugger-agent=transport=dt_socket,embedding=1,server=y,suspend=n,address=127.0.0.1:56696
Begin MonoManager ReloadAssembly
Registering precompiled unity dll's ...
Register platform support module: C:/Program Files/Unity/Hub/Editor/2021.3.24f1/Editor/Data/PlaybackEngines/WebGLSupport/UnityEditor.WebGL.Extensions.dll
Register platform support module: C:/Program Files/Unity/Hub/Editor/2021.3.24f1/Editor/Data/PlaybackEngines/WindowsStandaloneSupport/UnityEditor.WindowsStandalone.Extensions.dll
Registered in 0.004764 seconds.
Native extension for WindowsStandalone target not found
Native extension for WebGL target not found
Refreshing native plugins compatible for Editor in 63.97 ms, found 3 plugins.
Preloading 0 native plugins for Editor in 0.00 ms.
Mono: successfully reloaded assembly
- Completed reload, in  0.538 seconds
Domain Reload Profiling:
	ReloadAssembly (538ms)
		BeginReloadAssembly (69ms)
			ExecutionOrderSort (0ms)
			DisableScriptedObjects (0ms)
			BackupInstance (0ms)
			ReleaseScriptingObjects (0ms)
			CreateAndSetChildDomain (1ms)
		EndReloadAssembly (385ms)
			LoadAssemblies (68ms)
			RebuildTransferFunctionScriptingTraits (0ms)
			SetupTypeCache (87ms)
			ReleaseScriptCaches (0ms)
			RebuildScriptCaches (24ms)
			SetupLoadedEditorAssemblies (232ms)
				LogAssemblyErrors (0ms)
				InitializePlatformSupportModulesInManaged (7ms)
				SetLoadedEditorAssemblies (0ms)
				RefreshPlugins (64ms)
				BeforeProcessingInitializeOnLoad (2ms)
				ProcessInitializeOnLoadAttributes (120ms)
				ProcessInitializeOnLoadMethodAttributes (38ms)
				AfterProcessingInitializeOnLoad (0ms)
				EditorAssembliesLoaded (0ms)
			ExecutionOrderSort2 (0ms)
			AwakeInstancesAfterBackupRestoration (0ms)
Platform modules already initialized, skipping
Registering precompiled user dll's ...
Registered in 0.004199 seconds.
Begin MonoManager ReloadAssembly
Native extension for WindowsStandalone target not found
Native extension for WebGL target not found
Refreshing native plugins compatible for Editor in 64.34 ms, found 3 plugins.
Preloading 0 native plugins for Editor in 0.00 ms.
Mono: successfully reloaded assembly
- Completed reload, in  0.991 seconds
Domain Reload Profiling:
	ReloadAssembly (992ms)
		BeginReloadAssembly (98ms)
			ExecutionOrderSort (0ms)
			DisableScriptedObjects (5ms)
			BackupInstance (0ms)
			ReleaseScriptingObjects (0ms)
			CreateAndSetChildDomain (15ms)
		EndReloadAssembly (806ms)
			LoadAssemblies (72ms)
			RebuildTransferFunctionScriptingTraits (0ms)
			SetupTypeCache (225ms)
			ReleaseScriptCaches (1ms)
			RebuildScriptCaches (44ms)
			SetupLoadedEditorAssemblies (434ms)
				LogAssemblyErrors (0ms)
				InitializePlatformSupportModulesInManaged (5ms)
				SetLoadedEditorAssemblies (0ms)
				RefreshPlugins (64ms)
				BeforeProcessingInitializeOnLoad (67ms)
				ProcessInitializeOnLoadAttributes (278ms)
				ProcessInitializeOnLoadMethodAttributes (13ms)
				AfterProcessingInitializeOnLoad (7ms)
				EditorAssembliesLoaded (0ms)
			ExecutionOrderSort2 (0ms)
			AwakeInstancesAfterBackupRestoration (6ms)
Platform modules already initialized, skipping
========================================================================
Worker process is ready to serve import requests
Launched and connected shader compiler UnityShaderCompiler.exe after 0.04 seconds
Refreshing native plugins compatible for Editor in 0.53 ms, found 3 plugins.
Preloading 0 native plugins for Editor in 0.00 ms.
Unloading 3552 Unused Serialized files (Serialized files now loaded: 0)
Unloading 25 unused Assets / (56.4 KB). Loaded Objects now: 4029.
Memory consumption went from 141.3 MB to 141.3 MB.
Total: 3.151900 ms (FindLiveObjects: 0.261900 ms CreateObjectMapping: 0.229800 ms MarkObjects: 2.585700 ms  DeleteObjects: 0.073800 ms)

AssetImportParameters requested are different than current active one (requested -> active):
  custom:video-decoder-ogg-theora: a1e56fd34408186e4bbccfd4996cb3dc -> 
  custom:container-muxer-webm: aa71ff27fc2769a1b78a27578f13a17b -> 
  custom:container-demuxer-webm: 4f35f7cbe854078d1ac9338744f61a02 -> 
  custom:video-encoder-webm-vp8: eb34c28f22e8b96e1ab97ce403110664 -> 
  custom:audio-encoder-webm-vorbis: bf7c407c2cedff20999df2af8eb42d56 -> 
  custom:framework-win-MediaFoundation: 216162199b28c13a410421893ffa2e32 -> 
  custom:container-demuxer-ogg: 62fdf1f143b41e24485cea50d1cbac27 -> 
  custom:video-decoder-webm-vp8: 9c59270c3fd7afecdb556c50c9e8de78 -> 
  custom:audio-decoder-ogg-vorbis: bf7c407c2cedff20999df2af8eb42d56 -> 
========================================================================
Received Import Request.
  Time since last request: 3367.622856 seconds.
  path: Assets/Low Poly Shooter Pack - Free Sample/Prefabs/Weapons/P_LPSP_WEP_AR_01.prefab
  artifactKey: Guid(8c7ba79f8ec05794aba7ffdd3d8aba93) Importer(815301076,1909f56bfc062723c751e8b465ee728b)
Start importing Assets/Low Poly Shooter Pack - Free Sample/Prefabs/Weapons/P_LPSP_WEP_AR_01.prefab using Guid(8c7ba79f8ec05794aba7ffdd3d8aba93) Importer(815301076,1909f56bfc062723c751e8b465ee728b)  -> (artifact id: 'd1e40be8da364cc4a8135567149b55d3') in 2.208221 seconds 
========================================================================
Received Import Request.
  Time since last request: 0.000023 seconds.
  path: Assets/Low Poly Shooter Pack - Free Sample/Prefabs/Weapons/P_LPSP_Inventory.prefab
  artifactKey: Guid(9482e0a2ae6a92742bbe72e00f29f763) Importer(815301076,1909f56bfc062723c751e8b465ee728b)
Start importing Assets/Low Poly Shooter Pack - Free Sample/Prefabs/Weapons/P_LPSP_Inventory.prefab using Guid(9482e0a2ae6a92742bbe72e00f29f763) Importer(815301076,1909f56bfc062723c751e8b465ee728b)  -> (artifact id: 'd839cd17f3ca59de8ab33c4c31cffb22') in 1.909227 seconds 
========================================================================
Received Prepare
Registering precompiled user dll's ...
Registered in 0.006354 seconds.
Begin MonoManager ReloadAssembly
Native extension for WindowsStandalone target not found
Native extension for WebGL target not found
Refreshing native plugins compatible for Editor in 0.58 ms, found 3 plugins.
Preloading 0 native plugins for Editor in 0.00 ms.
Mono: successfully reloaded assembly
- Completed reload, in  0.945 seconds
Domain Reload Profiling:
	ReloadAssembly (946ms)
		BeginReloadAssembly (132ms)
			ExecutionOrderSort (0ms)
			DisableScriptedObjects (4ms)
			BackupInstance (0ms)
			ReleaseScriptingObjects (0ms)
			CreateAndSetChildDomain (29ms)
		EndReloadAssembly (735ms)
			LoadAssemblies (87ms)
			RebuildTransferFunctionScriptingTraits (0ms)
			SetupTypeCache (236ms)
			ReleaseScriptCaches (1ms)
			RebuildScriptCaches (38ms)
			SetupLoadedEditorAssemblies (348ms)
				LogAssemblyErrors (0ms)
				InitializePlatformSupportModulesInManaged (7ms)
				SetLoadedEditorAssemblies (0ms)
				RefreshPlugins (1ms)
				BeforeProcessingInitializeOnLoad (53ms)
				ProcessInitializeOnLoadAttributes (265ms)
				ProcessInitializeOnLoadMethodAttributes (16ms)
				AfterProcessingInitializeOnLoad (7ms)
				EditorAssembliesLoaded (0ms)
			ExecutionOrderSort2 (0ms)
			AwakeInstancesAfterBackupRestoration (5ms)
Platform modules already initialized, skipping
Refreshing native plugins compatible for Editor in 1.70 ms, found 3 plugins.
Preloading 0 native plugins for Editor in 0.00 ms.
Unloading 3533 Unused Serialized files (Serialized files now loaded: 0)
Unloading 18 unused Assets / (79.1 KB). Loaded Objects now: 4046.
Memory consumption went from 229.7 MB to 229.6 MB.
Total: 2.677600 ms (FindLiveObjects: 0.285800 ms CreateObjectMapping: 0.209300 ms MarkObjects: 2.095700 ms  DeleteObjects: 0.086000 ms)

AssetImportParameters requested are different than current active one (requested -> active):
  custom:video-decoder-ogg-theora: a1e56fd34408186e4bbccfd4996cb3dc -> 
  custom:container-muxer-webm: aa71ff27fc2769a1b78a27578f13a17b -> 
  custom:container-demuxer-webm: 4f35f7cbe854078d1ac9338744f61a02 -> 
  custom:video-encoder-webm-vp8: eb34c28f22e8b96e1ab97ce403110664 -> 
  custom:audio-encoder-webm-vorbis: bf7c407c2cedff20999df2af8eb42d56 -> 
  custom:framework-win-MediaFoundation: 216162199b28c13a410421893ffa2e32 -> 
  custom:container-demuxer-ogg: 62fdf1f143b41e24485cea50d1cbac27 -> 
  custom:video-decoder-webm-vp8: 9c59270c3fd7afecdb556c50c9e8de78 -> 
  custom:audio-decoder-ogg-vorbis: bf7c407c2cedff20999df2af8eb42d56 -> 
========================================================================
Received Prepare
Registering precompiled user dll's ...
Registered in 0.006017 seconds.
Begin MonoManager ReloadAssembly
Native extension for WindowsStandalone target not found
Native extension for WebGL target not found
Refreshing native plugins compatible for Editor in 0.69 ms, found 3 plugins.
Preloading 0 native plugins for Editor in 0.00 ms.
Mono: successfully reloaded assembly
- Completed reload, in  0.945 seconds
Domain Reload Profiling:
	ReloadAssembly (946ms)
		BeginReloadAssembly (120ms)
			ExecutionOrderSort (0ms)
			DisableScriptedObjects (5ms)
			BackupInstance (0ms)
			ReleaseScriptingObjects (0ms)
			CreateAndSetChildDomain (28ms)
		EndReloadAssembly (740ms)
			LoadAssemblies (77ms)
			RebuildTransferFunctionScriptingTraits (0ms)
			SetupTypeCache (241ms)
			ReleaseScriptCaches (1ms)
			RebuildScriptCaches (36ms)
			SetupLoadedEditorAssemblies (347ms)
				LogAssemblyErrors (0ms)
				InitializePlatformSupportModulesInManaged (6ms)
				SetLoadedEditorAssemblies (0ms)
				RefreshPlugins (1ms)
				BeforeProcessingInitializeOnLoad (53ms)
				ProcessInitializeOnLoadAttributes (265ms)
				ProcessInitializeOnLoadMethodAttributes (15ms)
				AfterProcessingInitializeOnLoad (6ms)
				EditorAssembliesLoaded (0ms)
			ExecutionOrderSort2 (0ms)
			AwakeInstancesAfterBackupRestoration (6ms)
Platform modules already initialized, skipping
Refreshing native plugins compatible for Editor in 1.67 ms, found 3 plugins.
Preloading 0 native plugins for Editor in 0.00 ms.
Unloading 3533 Unused Serialized files (Serialized files now loaded: 0)
Unloading 16 unused Assets / (24.7 KB). Loaded Objects now: 4049.
Memory consumption went from 229.6 MB to 229.6 MB.
Total: 2.559400 ms (FindLiveObjects: 0.256800 ms CreateObjectMapping: 0.217200 ms MarkObjects: 2.058800 ms  DeleteObjects: 0.025600 ms)

AssetImportParameters requested are different than current active one (requested -> active):
  custom:video-decoder-ogg-theora: a1e56fd34408186e4bbccfd4996cb3dc -> 
  custom:container-muxer-webm: aa71ff27fc2769a1b78a27578f13a17b -> 
  custom:container-demuxer-webm: 4f35f7cbe854078d1ac9338744f61a02 -> 
  custom:video-encoder-webm-vp8: eb34c28f22e8b96e1ab97ce403110664 -> 
  custom:audio-encoder-webm-vorbis: bf7c407c2cedff20999df2af8eb42d56 -> 
  custom:framework-win-MediaFoundation: 216162199b28c13a410421893ffa2e32 -> 
  custom:container-demuxer-ogg: 62fdf1f143b41e24485cea50d1cbac27 -> 
  custom:video-decoder-webm-vp8: 9c59270c3fd7afecdb556c50c9e8de78 -> 
  custom:audio-decoder-ogg-vorbis: bf7c407c2cedff20999df2af8eb42d56 -> 
========================================================================
Received Prepare
Registering precompiled user dll's ...
Registered in 0.005813 seconds.
Begin MonoManager ReloadAssembly
Native extension for WindowsStandalone target not found
Native extension for WebGL target not found
Refreshing native plugins compatible for Editor in 0.65 ms, found 3 plugins.
Preloading 0 native plugins for Editor in 0.00 ms.
Mono: successfully reloaded assembly
- Completed reload, in  0.926 seconds
Domain Reload Profiling:
	ReloadAssembly (926ms)
		BeginReloadAssembly (116ms)
			ExecutionOrderSort (0ms)
			DisableScriptedObjects (5ms)
			BackupInstance (0ms)
			ReleaseScriptingObjects (0ms)
			CreateAndSetChildDomain (27ms)
		EndReloadAssembly (730ms)
			LoadAssemblies (75ms)
			RebuildTransferFunctionScriptingTraits (0ms)
			SetupTypeCache (231ms)
			ReleaseScriptCaches (1ms)
			RebuildScriptCaches (38ms)
			SetupLoadedEditorAssemblies (348ms)
				LogAssemblyErrors (0ms)
				InitializePlatformSupportModulesInManaged (7ms)
				SetLoadedEditorAssemblies (0ms)
				RefreshPlugins (1ms)
				BeforeProcessingInitializeOnLoad (54ms)
				ProcessInitializeOnLoadAttributes (263ms)
				ProcessInitializeOnLoadMethodAttributes (17ms)
				AfterProcessingInitializeOnLoad (6ms)
				EditorAssembliesLoaded (0ms)
			ExecutionOrderSort2 (0ms)
			AwakeInstancesAfterBackupRestoration (6ms)
Platform modules already initialized, skipping
Refreshing native plugins compatible for Editor in 1.63 ms, found 3 plugins.
Preloading 0 native plugins for Editor in 0.00 ms.
Unloading 3533 Unused Serialized files (Serialized files now loaded: 0)
Unloading 16 unused Assets / (24.7 KB). Loaded Objects now: 4052.
Memory consumption went from 229.6 MB to 229.6 MB.
Total: 2.551700 ms (FindLiveObjects: 0.254400 ms CreateObjectMapping: 0.240700 ms MarkObjects: 2.034500 ms  DeleteObjects: 0.021300 ms)

AssetImportParameters requested are different than current active one (requested -> active):
  custom:video-decoder-ogg-theora: a1e56fd34408186e4bbccfd4996cb3dc -> 
  custom:container-muxer-webm: aa71ff27fc2769a1b78a27578f13a17b -> 
  custom:container-demuxer-webm: 4f35f7cbe854078d1ac9338744f61a02 -> 
  custom:video-encoder-webm-vp8: eb34c28f22e8b96e1ab97ce403110664 -> 
  custom:audio-encoder-webm-vorbis: bf7c407c2cedff20999df2af8eb42d56 -> 
  custom:framework-win-MediaFoundation: 216162199b28c13a410421893ffa2e32 -> 
  custom:container-demuxer-ogg: 62fdf1f143b41e24485cea50d1cbac27 -> 
  custom:video-decoder-webm-vp8: 9c59270c3fd7afecdb556c50c9e8de78 -> 
  custom:audio-decoder-ogg-vorbis: bf7c407c2cedff20999df2af8eb42d56 -> 
========================================================================
Received Import Request.
  Time since last request: 247.127544 seconds.
  path: Assets/Prefabs/IA_Player.inputactions
  artifactKey: Guid(9a980b91a85eb49c49b5cfb9e0a6f098) Importer(815301076,1909f56bfc062723c751e8b465ee728b)
Start importing Assets/Prefabs/IA_Player.inputactions using Guid(9a980b91a85eb49c49b5cfb9e0a6f098) Importer(815301076,1909f56bfc062723c751e8b465ee728b)  -> (artifact id: 'cdc0897bb67b0198f692013d84377e04') in 0.032589 seconds 
========================================================================
Received Import Request.
  Time since last request: 0.000014 seconds.
  path: Assets/Prefabs/Soldier.prefab
  artifactKey: Guid(b296d146def8949828124fd25198d03e) Importer(815301076,1909f56bfc062723c751e8b465ee728b)
Start importing Assets/Prefabs/Soldier.prefab using Guid(b296d146def8949828124fd25198d03e) Importer(815301076,1909f56bfc062723c751e8b465ee728b)  -> (artifact id: '2ffa2afdd4b5d3aec16ef2e7bbd09d0c') in 0.202818 seconds 
========================================================================
Received Import Request.
  Time since last request: 0.000015 seconds.
  path: Assets/Prefabs/Player.prefab
  artifactKey: Guid(71a62a5dff44e5e41aedaffc97f2659e) Importer(815301076,1909f56bfc062723c751e8b465ee728b)
Start importing Assets/Prefabs/Player.prefab using Guid(71a62a5dff44e5e41aedaffc97f2659e) Importer(815301076,1909f56bfc062723c751e8b465ee728b)  -> (artifact id: 'c224c12e7715ce9c84fc188b89add0a1') in 0.020879 seconds 
========================================================================
Received Import Request.
  Time since last request: 0.000019 seconds.
  path: Assets/Prefabs/IS_Default.asset
  artifactKey: Guid(acb8ef87289de4a7da70714e1ac76c5d) Importer(815301076,1909f56bfc062723c751e8b465ee728b)
Start importing Assets/Prefabs/IS_Default.asset using Guid(acb8ef87289de4a7da70714e1ac76c5d) Importer(815301076,1909f56bfc062723c751e8b465ee728b)  -> (artifact id: '30e9494f8fed781df890bd1d9576e711') in 0.009017 seconds 
========================================================================
Received Import Request.
  Time since last request: 0.000013 seconds.
  path: Assets/Prefabs/Player Hud.prefab
  artifactKey: Guid(9334b776c1585a949b849c701dbabd75) Importer(815301076,1909f56bfc062723c751e8b465ee728b)
Start importing Assets/Prefabs/Player Hud.prefab using Guid(9334b776c1585a949b849c701dbabd75) Importer(815301076,1909f56bfc062723c751e8b465ee728b)  -> (artifact id: '80868a3c42b1f1e811e5316f9d8b31c7') in 0.015467 seconds 
========================================================================
Received Prepare
Registering precompiled user dll's ...
Registered in 0.004121 seconds.
Begin MonoManager ReloadAssembly
Native extension for WindowsStandalone target not found
Native extension for WebGL target not found
Refreshing native plugins compatible for Editor in 0.65 ms, found 3 plugins.
Preloading 0 native plugins for Editor in 0.00 ms.
Mono: successfully reloaded assembly
- Completed reload, in  0.954 seconds
Domain Reload Profiling:
	ReloadAssembly (955ms)
		BeginReloadAssembly (122ms)
			ExecutionOrderSort (0ms)
			DisableScriptedObjects (4ms)
			BackupInstance (0ms)
			ReleaseScriptingObjects (0ms)
			CreateAndSetChildDomain (30ms)
		EndReloadAssembly (754ms)
			LoadAssemblies (77ms)
			RebuildTransferFunctionScriptingTraits (0ms)
			SetupTypeCache (237ms)
			ReleaseScriptCaches (1ms)
			RebuildScriptCaches (39ms)
			SetupLoadedEditorAssemblies (366ms)
				LogAssemblyErrors (0ms)
				InitializePlatformSupportModulesInManaged (7ms)
				SetLoadedEditorAssemblies (0ms)
				RefreshPlugins (1ms)
				BeforeProcessingInitializeOnLoad (57ms)
				ProcessInitializeOnLoadAttributes (277ms)
				ProcessInitializeOnLoadMethodAttributes (17ms)
				AfterProcessingInitializeOnLoad (6ms)
				EditorAssembliesLoaded (0ms)
			ExecutionOrderSort2 (0ms)
			AwakeInstancesAfterBackupRestoration (6ms)
Platform modules already initialized, skipping
Refreshing native plugins compatible for Editor in 2.12 ms, found 3 plugins.
Preloading 0 native plugins for Editor in 0.00 ms.
Unloading 3533 Unused Serialized files (Serialized files now loaded: 0)
Unloading 19 unused Assets / (27.0 KB). Loaded Objects now: 4057.
Memory consumption went from 230.0 MB to 230.0 MB.
Total: 2.727400 ms (FindLiveObjects: 0.357400 ms CreateObjectMapping: 0.191400 ms MarkObjects: 2.144700 ms  DeleteObjects: 0.032800 ms)

AssetImportParameters requested are different than current active one (requested -> active):
  custom:video-decoder-ogg-theora: a1e56fd34408186e4bbccfd4996cb3dc -> 
  custom:container-muxer-webm: aa71ff27fc2769a1b78a27578f13a17b -> 
  custom:container-demuxer-webm: 4f35f7cbe854078d1ac9338744f61a02 -> 
  custom:video-encoder-webm-vp8: eb34c28f22e8b96e1ab97ce403110664 -> 
  custom:audio-encoder-webm-vorbis: bf7c407c2cedff20999df2af8eb42d56 -> 
  custom:framework-win-MediaFoundation: 216162199b28c13a410421893ffa2e32 -> 
  custom:container-demuxer-ogg: 62fdf1f143b41e24485cea50d1cbac27 -> 
  custom:video-decoder-webm-vp8: 9c59270c3fd7afecdb556c50c9e8de78 -> 
  custom:audio-decoder-ogg-vorbis: bf7c407c2cedff20999df2af8eb42d56 -> 
========================================================================
Received Prepare
Registering precompiled user dll's ...
Registered in 0.003911 seconds.
Begin MonoManager ReloadAssembly
Native extension for WindowsStandalone target not found
Native extension for WebGL target not found
Refreshing native plugins compatible for Editor in 0.67 ms, found 3 plugins.
Preloading 0 native plugins for Editor in 0.00 ms.
Mono: successfully reloaded assembly
- Completed reload, in  0.933 seconds
Domain Reload Profiling:
	ReloadAssembly (934ms)
		BeginReloadAssembly (121ms)
			ExecutionOrderSort (0ms)
			DisableScriptedObjects (5ms)
			BackupInstance (0ms)
			ReleaseScriptingObjects (0ms)
			CreateAndSetChildDomain (27ms)
		EndReloadAssembly (727ms)
			LoadAssemblies (78ms)
			RebuildTransferFunctionScriptingTraits (0ms)
			SetupTypeCache (226ms)
			ReleaseScriptCaches (1ms)
			RebuildScriptCaches (34ms)
			SetupLoadedEditorAssemblies (354ms)
				LogAssemblyErrors (0ms)
				InitializePlatformSupportModulesInManaged (7ms)
				SetLoadedEditorAssemblies (0ms)
				RefreshPlugins (1ms)
				BeforeProcessingInitializeOnLoad (55ms)
				ProcessInitializeOnLoadAttributes (266ms)
				ProcessInitializeOnLoadMethodAttributes (16ms)
				AfterProcessingInitializeOnLoad (8ms)
				EditorAssembliesLoaded (0ms)
			ExecutionOrderSort2 (0ms)
			AwakeInstancesAfterBackupRestoration (6ms)
Platform modules already initialized, skipping
Refreshing native plugins compatible for Editor in 1.84 ms, found 3 plugins.
Preloading 0 native plugins for Editor in 0.00 ms.
Unloading 3533 Unused Serialized files (Serialized files now loaded: 0)
Unloading 16 unused Assets / (24.7 KB). Loaded Objects now: 4060.
Memory consumption went from 230.0 MB to 230.0 MB.
Total: 2.760700 ms (FindLiveObjects: 0.258800 ms CreateObjectMapping: 0.221900 ms MarkObjects: 2.256600 ms  DeleteObjects: 0.022400 ms)

AssetImportParameters requested are different than current active one (requested -> active):
  custom:video-decoder-ogg-theora: a1e56fd34408186e4bbccfd4996cb3dc -> 
  custom:container-muxer-webm: aa71ff27fc2769a1b78a27578f13a17b -> 
  custom:container-demuxer-webm: 4f35f7cbe854078d1ac9338744f61a02 -> 
  custom:video-encoder-webm-vp8: eb34c28f22e8b96e1ab97ce403110664 -> 
  custom:audio-encoder-webm-vorbis: bf7c407c2cedff20999df2af8eb42d56 -> 
  custom:framework-win-MediaFoundation: 216162199b28c13a410421893ffa2e32 -> 
  custom:container-demuxer-ogg: 62fdf1f143b41e24485cea50d1cbac27 -> 
  custom:video-decoder-webm-vp8: 9c59270c3fd7afecdb556c50c9e8de78 -> 
  custom:audio-decoder-ogg-vorbis: bf7c407c2cedff20999df2af8eb42d56 -> 
========================================================================
Received Prepare
Registering precompiled user dll's ...
Registered in 0.005725 seconds.
Begin MonoManager ReloadAssembly
Native extension for WindowsStandalone target not found
Native extension for WebGL target not found
Refreshing native plugins compatible for Editor in 0.62 ms, found 3 plugins.
Preloading 0 native plugins for Editor in 0.00 ms.
Mono: successfully reloaded assembly
- Completed reload, in  0.895 seconds
Domain Reload Profiling:
	ReloadAssembly (896ms)
		BeginReloadAssembly (119ms)
			ExecutionOrderSort (0ms)
			DisableScriptedObjects (5ms)
			BackupInstance (0ms)
			ReleaseScriptingObjects (0ms)
			CreateAndSetChildDomain (27ms)
		EndReloadAssembly (699ms)
			LoadAssemblies (77ms)
			RebuildTransferFunctionScriptingTraits (0ms)
			SetupTypeCache (225ms)
			ReleaseScriptCaches (1ms)
			RebuildScriptCaches (35ms)
			SetupLoadedEditorAssemblies (332ms)
				LogAssemblyErrors (0ms)
				InitializePlatformSupportModulesInManaged (6ms)
				SetLoadedEditorAssemblies (0ms)
				RefreshPlugins (1ms)
				BeforeProcessingInitializeOnLoad (50ms)
				ProcessInitializeOnLoadAttributes (253ms)
				ProcessInitializeOnLoadMethodAttributes (16ms)
				AfterProcessingInitializeOnLoad (6ms)
				EditorAssembliesLoaded (0ms)
			ExecutionOrderSort2 (0ms)
			AwakeInstancesAfterBackupRestoration (5ms)
Platform modules already initialized, skipping
Refreshing native plugins compatible for Editor in 2.03 ms, found 3 plugins.
Preloading 0 native plugins for Editor in 0.00 ms.
Unloading 3533 Unused Serialized files (Serialized files now loaded: 0)
Unloading 16 unused Assets / (24.7 KB). Loaded Objects now: 4063.
Memory consumption went from 230.0 MB to 230.0 MB.
Total: 2.867000 ms (FindLiveObjects: 0.268600 ms CreateObjectMapping: 0.333700 ms MarkObjects: 2.229300 ms  DeleteObjects: 0.034400 ms)

AssetImportParameters requested are different than current active one (requested -> active):
  custom:video-decoder-ogg-theora: a1e56fd34408186e4bbccfd4996cb3dc -> 
  custom:container-muxer-webm: aa71ff27fc2769a1b78a27578f13a17b -> 
  custom:container-demuxer-webm: 4f35f7cbe854078d1ac9338744f61a02 -> 
  custom:video-encoder-webm-vp8: eb34c28f22e8b96e1ab97ce403110664 -> 
  custom:audio-encoder-webm-vorbis: bf7c407c2cedff20999df2af8eb42d56 -> 
  custom:framework-win-MediaFoundation: 216162199b28c13a410421893ffa2e32 -> 
  custom:container-demuxer-ogg: 62fdf1f143b41e24485cea50d1cbac27 -> 
  custom:video-decoder-webm-vp8: 9c59270c3fd7afecdb556c50c9e8de78 -> 
  custom:audio-decoder-ogg-vorbis: bf7c407c2cedff20999df2af8eb42d56 -> 
========================================================================
Received Prepare
Registering precompiled user dll's ...
Registered in 0.005706 seconds.
Begin MonoManager ReloadAssembly
Native extension for WindowsStandalone target not found
Native extension for WebGL target not found
Refreshing native plugins compatible for Editor in 0.67 ms, found 3 plugins.
Preloading 0 native plugins for Editor in 0.00 ms.
Mono: successfully reloaded assembly
- Completed reload, in  0.917 seconds
Domain Reload Profiling:
	ReloadAssembly (917ms)
		BeginReloadAssembly (116ms)
			ExecutionOrderSort (0ms)
			DisableScriptedObjects (5ms)
			BackupInstance (0ms)
			ReleaseScriptingObjects (0ms)
			CreateAndSetChildDomain (26ms)
		EndReloadAssembly (722ms)
			LoadAssemblies (75ms)
			RebuildTransferFunctionScriptingTraits (0ms)
			SetupTypeCache (230ms)
			ReleaseScriptCaches (1ms)
			RebuildScriptCaches (38ms)
			SetupLoadedEditorAssemblies (345ms)
				LogAssemblyErrors (0ms)
				InitializePlatformSupportModulesInManaged (6ms)
				SetLoadedEditorAssemblies (0ms)
				RefreshPlugins (1ms)
				BeforeProcessingInitializeOnLoad (53ms)
				ProcessInitializeOnLoadAttributes (263ms)
				ProcessInitializeOnLoadMethodAttributes (15ms)
				AfterProcessingInitializeOnLoad (6ms)
				EditorAssembliesLoaded (0ms)
			ExecutionOrderSort2 (0ms)
			AwakeInstancesAfterBackupRestoration (5ms)
Platform modules already initialized, skipping
Refreshing native plugins compatible for Editor in 1.58 ms, found 3 plugins.
Preloading 0 native plugins for Editor in 0.00 ms.
Unloading 3533 Unused Serialized files (Serialized files now loaded: 0)
Unloading 16 unused Assets / (24.6 KB). Loaded Objects now: 4066.
Memory consumption went from 230.0 MB to 230.0 MB.
Total: 2.805400 ms (FindLiveObjects: 0.269400 ms CreateObjectMapping: 0.234000 ms MarkObjects: 2.269500 ms  DeleteObjects: 0.031100 ms)

AssetImportParameters requested are different than current active one (requested -> active):
  custom:video-decoder-ogg-theora: a1e56fd34408186e4bbccfd4996cb3dc -> 
  custom:container-muxer-webm: aa71ff27fc2769a1b78a27578f13a17b -> 
  custom:container-demuxer-webm: 4f35f7cbe854078d1ac9338744f61a02 -> 
  custom:video-encoder-webm-vp8: eb34c28f22e8b96e1ab97ce403110664 -> 
  custom:audio-encoder-webm-vorbis: bf7c407c2cedff20999df2af8eb42d56 -> 
  custom:framework-win-MediaFoundation: 216162199b28c13a410421893ffa2e32 -> 
  custom:container-demuxer-ogg: 62fdf1f143b41e24485cea50d1cbac27 -> 
  custom:video-decoder-webm-vp8: 9c59270c3fd7afecdb556c50c9e8de78 -> 
  custom:audio-decoder-ogg-vorbis: bf7c407c2cedff20999df2af8eb42d56 -> 
========================================================================
Received Prepare
Registering precompiled user dll's ...
Registered in 0.004012 seconds.
Begin MonoManager ReloadAssembly
Native extension for WindowsStandalone target not found
Native extension for WebGL target not found
Refreshing native plugins compatible for Editor in 0.56 ms, found 3 plugins.
Preloading 0 native plugins for Editor in 0.00 ms.
Mono: successfully reloaded assembly
- Completed reload, in  0.891 seconds
Domain Reload Profiling:
	ReloadAssembly (892ms)
		BeginReloadAssembly (123ms)
			ExecutionOrderSort (0ms)
			DisableScriptedObjects (5ms)
			BackupInstance (0ms)
			ReleaseScriptingObjects (0ms)
			CreateAndSetChildDomain (26ms)
		EndReloadAssembly (689ms)
			LoadAssemblies (82ms)
			RebuildTransferFunctionScriptingTraits (0ms)
			SetupTypeCache (227ms)
			ReleaseScriptCaches (1ms)
			RebuildScriptCaches (35ms)
			SetupLoadedEditorAssemblies (320ms)
				LogAssemblyErrors (0ms)
				InitializePlatformSupportModulesInManaged (6ms)
				SetLoadedEditorAssemblies (0ms)
				RefreshPlugins (1ms)
				BeforeProcessingInitializeOnLoad (52ms)
				ProcessInitializeOnLoadAttributes (242ms)
				ProcessInitializeOnLoadMethodAttributes (14ms)
				AfterProcessingInitializeOnLoad (6ms)
				EditorAssembliesLoaded (0ms)
			ExecutionOrderSort2 (0ms)
			AwakeInstancesAfterBackupRestoration (5ms)
Platform modules already initialized, skipping
Refreshing native plugins compatible for Editor in 1.46 ms, found 3 plugins.
Preloading 0 native plugins for Editor in 0.00 ms.
Unloading 3533 Unused Serialized files (Serialized files now loaded: 0)
Unloading 16 unused Assets / (24.7 KB). Loaded Objects now: 4069.
Memory consumption went from 230.1 MB to 230.0 MB.
Total: 2.342600 ms (FindLiveObjects: 0.234800 ms CreateObjectMapping: 0.149300 ms MarkObjects: 1.941500 ms  DeleteObjects: 0.016300 ms)

AssetImportParameters requested are different than current active one (requested -> active):
  custom:video-decoder-ogg-theora: a1e56fd34408186e4bbccfd4996cb3dc -> 
  custom:container-muxer-webm: aa71ff27fc2769a1b78a27578f13a17b -> 
  custom:container-demuxer-webm: 4f35f7cbe854078d1ac9338744f61a02 -> 
  custom:video-encoder-webm-vp8: eb34c28f22e8b96e1ab97ce403110664 -> 
  custom:audio-encoder-webm-vorbis: bf7c407c2cedff20999df2af8eb42d56 -> 
  custom:framework-win-MediaFoundation: 216162199b28c13a410421893ffa2e32 -> 
  custom:container-demuxer-ogg: 62fdf1f143b41e24485cea50d1cbac27 -> 
  custom:video-decoder-webm-vp8: 9c59270c3fd7afecdb556c50c9e8de78 -> 
  custom:audio-decoder-ogg-vorbis: bf7c407c2cedff20999df2af8eb42d56 -> 
========================================================================
Received Prepare
Registering precompiled user dll's ...
Registered in 0.005742 seconds.
Begin MonoManager ReloadAssembly
Native extension for WindowsStandalone target not found
Native extension for WebGL target not found
Refreshing native plugins compatible for Editor in 0.69 ms, found 3 plugins.
Preloading 0 native plugins for Editor in 0.00 ms.
Mono: successfully reloaded assembly
- Completed reload, in  0.890 seconds
Domain Reload Profiling:
	ReloadAssembly (890ms)
		BeginReloadAssembly (117ms)
			ExecutionOrderSort (0ms)
			DisableScriptedObjects (5ms)
			BackupInstance (0ms)
			ReleaseScriptingObjects (0ms)
			CreateAndSetChildDomain (27ms)
		EndReloadAssembly (695ms)
			LoadAssemblies (77ms)
			RebuildTransferFunctionScriptingTraits (0ms)
			SetupTypeCache (223ms)
			ReleaseScriptCaches (1ms)
			RebuildScriptCaches (34ms)
			SetupLoadedEditorAssemblies (327ms)
				LogAssemblyErrors (0ms)
				InitializePlatformSupportModulesInManaged (6ms)
				SetLoadedEditorAssemblies (0ms)
				RefreshPlugins (1ms)
				BeforeProcessingInitializeOnLoad (55ms)
				ProcessInitializeOnLoadAttributes (244ms)
				ProcessInitializeOnLoadMethodAttributes (15ms)
				AfterProcessingInitializeOnLoad (6ms)
				EditorAssembliesLoaded (0ms)
			ExecutionOrderSort2 (0ms)
			AwakeInstancesAfterBackupRestoration (5ms)
Platform modules already initialized, skipping
Refreshing native plugins compatible for Editor in 1.66 ms, found 3 plugins.
Preloading 0 native plugins for Editor in 0.00 ms.
Unloading 3533 Unused Serialized files (Serialized files now loaded: 0)
Unloading 16 unused Assets / (24.7 KB). Loaded Objects now: 4072.
Memory consumption went from 230.1 MB to 230.0 MB.
Total: 2.437400 ms (FindLiveObjects: 0.268200 ms CreateObjectMapping: 0.187200 ms MarkObjects: 1.962100 ms  DeleteObjects: 0.018900 ms)

AssetImportParameters requested are different than current active one (requested -> active):
  custom:video-decoder-ogg-theora: a1e56fd34408186e4bbccfd4996cb3dc -> 
  custom:container-muxer-webm: aa71ff27fc2769a1b78a27578f13a17b -> 
  custom:container-demuxer-webm: 4f35f7cbe854078d1ac9338744f61a02 -> 
  custom:video-encoder-webm-vp8: eb34c28f22e8b96e1ab97ce403110664 -> 
  custom:audio-encoder-webm-vorbis: bf7c407c2cedff20999df2af8eb42d56 -> 
  custom:framework-win-MediaFoundation: 216162199b28c13a410421893ffa2e32 -> 
  custom:container-demuxer-ogg: 62fdf1f143b41e24485cea50d1cbac27 -> 
  custom:video-decoder-webm-vp8: 9c59270c3fd7afecdb556c50c9e8de78 -> 
  custom:audio-decoder-ogg-vorbis: bf7c407c2cedff20999df2af8eb42d56 -> 
========================================================================
Received Prepare
Registering precompiled user dll's ...
Registered in 0.004036 seconds.
Begin MonoManager ReloadAssembly
Native extension for WindowsStandalone target not found
Native extension for WebGL target not found
Refreshing native plugins compatible for Editor in 0.57 ms, found 3 plugins.
Preloading 0 native plugins for Editor in 0.00 ms.
Mono: successfully reloaded assembly
- Completed reload, in  0.874 seconds
Domain Reload Profiling:
	ReloadAssembly (874ms)
		BeginReloadAssembly (117ms)
			ExecutionOrderSort (0ms)
			DisableScriptedObjects (5ms)
			BackupInstance (0ms)
			ReleaseScriptingObjects (0ms)
			CreateAndSetChildDomain (27ms)
		EndReloadAssembly (678ms)
			LoadAssemblies (72ms)
			RebuildTransferFunctionScriptingTraits (0ms)
			SetupTypeCache (221ms)
			ReleaseScriptCaches (1ms)
			RebuildScriptCaches (34ms)
			SetupLoadedEditorAssemblies (317ms)
				LogAssemblyErrors (0ms)
				InitializePlatformSupportModulesInManaged (6ms)
				SetLoadedEditorAssemblies (0ms)
				RefreshPlugins (1ms)
				BeforeProcessingInitializeOnLoad (52ms)
				ProcessInitializeOnLoadAttributes (238ms)
				ProcessInitializeOnLoadMethodAttributes (14ms)
				AfterProcessingInitializeOnLoad (6ms)
				EditorAssembliesLoaded (0ms)
			ExecutionOrderSort2 (0ms)
			AwakeInstancesAfterBackupRestoration (5ms)
Platform modules already initialized, skipping
Refreshing native plugins compatible for Editor in 1.48 ms, found 3 plugins.
Preloading 0 native plugins for Editor in 0.00 ms.
Unloading 3533 Unused Serialized files (Serialized files now loaded: 0)
Unloading 16 unused Assets / (24.7 KB). Loaded Objects now: 4075.
Memory consumption went from 230.1 MB to 230.1 MB.
Total: 2.491300 ms (FindLiveObjects: 0.247800 ms CreateObjectMapping: 0.156400 ms MarkObjects: 2.070400 ms  DeleteObjects: 0.016100 ms)

AssetImportParameters requested are different than current active one (requested -> active):
  custom:video-decoder-ogg-theora: a1e56fd34408186e4bbccfd4996cb3dc -> 
  custom:container-muxer-webm: aa71ff27fc2769a1b78a27578f13a17b -> 
  custom:container-demuxer-webm: 4f35f7cbe854078d1ac9338744f61a02 -> 
  custom:video-encoder-webm-vp8: eb34c28f22e8b96e1ab97ce403110664 -> 
  custom:audio-encoder-webm-vorbis: bf7c407c2cedff20999df2af8eb42d56 -> 
  custom:framework-win-MediaFoundation: 216162199b28c13a410421893ffa2e32 -> 
  custom:container-demuxer-ogg: 62fdf1f143b41e24485cea50d1cbac27 -> 
  custom:video-decoder-webm-vp8: 9c59270c3fd7afecdb556c50c9e8de78 -> 
  custom:audio-decoder-ogg-vorbis: bf7c407c2cedff20999df2af8eb42d56 -> 
========================================================================
Received Prepare
Registering precompiled user dll's ...
Registered in 0.003951 seconds.
Begin MonoManager ReloadAssembly
Native extension for WindowsStandalone target not found
Native extension for WebGL target not found
Refreshing native plugins compatible for Editor in 0.56 ms, found 3 plugins.
Preloading 0 native plugins for Editor in 0.00 ms.
Mono: successfully reloaded assembly
- Completed reload, in  0.924 seconds
Domain Reload Profiling:
	ReloadAssembly (925ms)
		BeginReloadAssembly (118ms)
			ExecutionOrderSort (0ms)
			DisableScriptedObjects (5ms)
			BackupInstance (0ms)
			ReleaseScriptingObjects (0ms)
			CreateAndSetChildDomain (26ms)
		EndReloadAssembly (726ms)
			LoadAssemblies (74ms)
			RebuildTransferFunctionScriptingTraits (0ms)
			SetupTypeCache (247ms)
			ReleaseScriptCaches (1ms)
			RebuildScriptCaches (37ms)
			SetupLoadedEditorAssemblies (329ms)
				LogAssemblyErrors (0ms)
				InitializePlatformSupportModulesInManaged (6ms)
				SetLoadedEditorAssemblies (0ms)
				RefreshPlugins (1ms)
				BeforeProcessingInitializeOnLoad (57ms)
				ProcessInitializeOnLoadAttributes (246ms)
				ProcessInitializeOnLoadMethodAttributes (14ms)
				AfterProcessingInitializeOnLoad (6ms)
				EditorAssembliesLoaded (0ms)
			ExecutionOrderSort2 (0ms)
			AwakeInstancesAfterBackupRestoration (5ms)
Platform modules already initialized, skipping
Refreshing native plugins compatible for Editor in 1.52 ms, found 3 plugins.
Preloading 0 native plugins for Editor in 0.00 ms.
Unloading 3533 Unused Serialized files (Serialized files now loaded: 0)
Unloading 16 unused Assets / (24.6 KB). Loaded Objects now: 4078.
Memory consumption went from 230.1 MB to 230.1 MB.
Total: 2.670500 ms (FindLiveObjects: 0.234200 ms CreateObjectMapping: 0.153200 ms MarkObjects: 2.264000 ms  DeleteObjects: 0.018300 ms)

AssetImportParameters requested are different than current active one (requested -> active):
  custom:video-decoder-ogg-theora: a1e56fd34408186e4bbccfd4996cb3dc -> 
  custom:container-muxer-webm: aa71ff27fc2769a1b78a27578f13a17b -> 
  custom:container-demuxer-webm: 4f35f7cbe854078d1ac9338744f61a02 -> 
  custom:video-encoder-webm-vp8: eb34c28f22e8b96e1ab97ce403110664 -> 
  custom:audio-encoder-webm-vorbis: bf7c407c2cedff20999df2af8eb42d56 -> 
  custom:framework-win-MediaFoundation: 216162199b28c13a410421893ffa2e32 -> 
  custom:container-demuxer-ogg: 62fdf1f143b41e24485cea50d1cbac27 -> 
  custom:video-decoder-webm-vp8: 9c59270c3fd7afecdb556c50c9e8de78 -> 
  custom:audio-decoder-ogg-vorbis: bf7c407c2cedff20999df2af8eb42d56 -> 
========================================================================
Received Prepare
Registering precompiled user dll's ...
Registered in 0.003924 seconds.
Begin MonoManager ReloadAssembly
Native extension for WindowsStandalone target not found
Native extension for WebGL target not found
Refreshing native plugins compatible for Editor in 0.54 ms, found 3 plugins.
Preloading 0 native plugins for Editor in 0.00 ms.
Mono: successfully reloaded assembly
- Completed reload, in  0.871 seconds
Domain Reload Profiling:
	ReloadAssembly (871ms)
		BeginReloadAssembly (132ms)
			ExecutionOrderSort (0ms)
			DisableScriptedObjects (5ms)
			BackupInstance (0ms)
			ReleaseScriptingObjects (0ms)
			CreateAndSetChildDomain (28ms)
		EndReloadAssembly (661ms)
			LoadAssemblies (72ms)
			RebuildTransferFunctionScriptingTraits (0ms)
			SetupTypeCache (211ms)
			ReleaseScriptCaches (1ms)
			RebuildScriptCaches (33ms)
			SetupLoadedEditorAssemblies (313ms)
				LogAssemblyErrors (0ms)
				InitializePlatformSupportModulesInManaged (5ms)
				SetLoadedEditorAssemblies (0ms)
				RefreshPlugins (1ms)
				BeforeProcessingInitializeOnLoad (51ms)
				ProcessInitializeOnLoadAttributes (235ms)
				ProcessInitializeOnLoadMethodAttributes (14ms)
				AfterProcessingInitializeOnLoad (6ms)
				EditorAssembliesLoaded (0ms)
			ExecutionOrderSort2 (0ms)
			AwakeInstancesAfterBackupRestoration (5ms)
Platform modules already initialized, skipping
Refreshing native plugins compatible for Editor in 1.84 ms, found 3 plugins.
Preloading 0 native plugins for Editor in 0.00 ms.
Unloading 3533 Unused Serialized files (Serialized files now loaded: 0)
Unloading 16 unused Assets / (24.6 KB). Loaded Objects now: 4081.
Memory consumption went from 230.1 MB to 230.1 MB.
Total: 2.845400 ms (FindLiveObjects: 0.259300 ms CreateObjectMapping: 0.184100 ms MarkObjects: 2.381000 ms  DeleteObjects: 0.020300 ms)

AssetImportParameters requested are different than current active one (requested -> active):
  custom:video-decoder-ogg-theora: a1e56fd34408186e4bbccfd4996cb3dc -> 
  custom:container-muxer-webm: aa71ff27fc2769a1b78a27578f13a17b -> 
  custom:container-demuxer-webm: 4f35f7cbe854078d1ac9338744f61a02 -> 
  custom:video-encoder-webm-vp8: eb34c28f22e8b96e1ab97ce403110664 -> 
  custom:audio-encoder-webm-vorbis: bf7c407c2cedff20999df2af8eb42d56 -> 
  custom:framework-win-MediaFoundation: 216162199b28c13a410421893ffa2e32 -> 
  custom:container-demuxer-ogg: 62fdf1f143b41e24485cea50d1cbac27 -> 
  custom:video-decoder-webm-vp8: 9c59270c3fd7afecdb556c50c9e8de78 -> 
  custom:audio-decoder-ogg-vorbis: bf7c407c2cedff20999df2af8eb42d56 -> 
========================================================================
Received Prepare
Refreshing native plugins compatible for Editor in 3.00 ms, found 3 plugins.
Preloading 0 native plugins for Editor in 0.00 ms.
Unloading 16 Unused Serialized files (Serialized files now loaded: 0)
Unloading 16 unused Assets / (21.9 KB). Loaded Objects now: 4081.
Memory consumption went from 159.7 MB to 159.7 MB.
Total: 2.353100 ms (FindLiveObjects: 0.239000 ms CreateObjectMapping: 0.173600 ms MarkObjects: 1.924400 ms  DeleteObjects: 0.015400 ms)

AssetImportParameters requested are different than current active one (requested -> active):
  custom:video-decoder-ogg-theora: a1e56fd34408186e4bbccfd4996cb3dc -> 
  custom:container-muxer-webm: aa71ff27fc2769a1b78a27578f13a17b -> 
  custom:container-demuxer-webm: 4f35f7cbe854078d1ac9338744f61a02 -> 
  custom:video-encoder-webm-vp8: eb34c28f22e8b96e1ab97ce403110664 -> 
  custom:audio-encoder-webm-vorbis: bf7c407c2cedff20999df2af8eb42d56 -> 
  custom:framework-win-MediaFoundation: 216162199b28c13a410421893ffa2e32 -> 
  custom:container-demuxer-ogg: 62fdf1f143b41e24485cea50d1cbac27 -> 
  custom:video-decoder-webm-vp8: 9c59270c3fd7afecdb556c50c9e8de78 -> 
  custom:audio-decoder-ogg-vorbis: bf7c407c2cedff20999df2af8eb42d56 -> 
========================================================================
Received Import Request.
  Time since last request: 936.353627 seconds.
  path: Assets/Low Poly Shooter Pack - Free Sample/Prefabs/Damageables/P_LPSP_DMG_Barrel_Destroyed.prefab
  artifactKey: Guid(69583eba87a3a60449692cb2c09f4706) Importer(815301076,1909f56bfc062723c751e8b465ee728b)
Start importing Assets/Low Poly Shooter Pack - Free Sample/Prefabs/Damageables/P_LPSP_DMG_Barrel_Destroyed.prefab using Guid(69583eba87a3a60449692cb2c09f4706) Importer(815301076,1909f56bfc062723c751e8b465ee728b)  -> (artifact id: 'd2b5b41a4565872d7b37f7e3be65dbb4') in 0.118413 seconds 
========================================================================
Received Import Request.
  Time since last request: 0.000019 seconds.
  path: Assets/Low Poly Shooter Pack - Free Sample/Prefabs/Damageables/P_LPSP_DMG_Gas_Tank.prefab
  artifactKey: Guid(62e80a053a5f7c94f9f4c90bc293e432) Importer(815301076,1909f56bfc062723c751e8b465ee728b)
Start importing Assets/Low Poly Shooter Pack - Free Sample/Prefabs/Damageables/P_LPSP_DMG_Gas_Tank.prefab using Guid(62e80a053a5f7c94f9f4c90bc293e432) Importer(815301076,1909f56bfc062723c751e8b465ee728b)  -> (artifact id: 'b816b21f37c827ad3bee80f7d52ce7a2') in 1.310124 seconds 
========================================================================
Received Import Request.
  Time since last request: 0.000017 seconds.
  path: Assets/Low Poly Shooter Pack - Free Sample/Prefabs/Demo/P_Grid_Roof.prefab
  artifactKey: Guid(c4f5aeff5b2e5e448a35f860efea9db5) Importer(815301076,1909f56bfc062723c751e8b465ee728b)
Start importing Assets/Low Poly Shooter Pack - Free Sample/Prefabs/Demo/P_Grid_Roof.prefab using Guid(c4f5aeff5b2e5e448a35f860efea9db5) Importer(815301076,1909f56bfc062723c751e8b465ee728b)  -> (artifact id: '4c2ae93778676695ebcd7a1132a5004c') in 0.172621 seconds 
========================================================================
Received Import Request.
  Time since last request: 0.000023 seconds.
  path: Assets/Low Poly Shooter Pack - Free Sample/Prefabs/Demo/P_Showcase_VFX.prefab
  artifactKey: Guid(36bd124c56a646c4a914bc0a07f7efe5) Importer(815301076,1909f56bfc062723c751e8b465ee728b)
Start importing Assets/Low Poly Shooter Pack - Free Sample/Prefabs/Demo/P_Showcase_VFX.prefab using Guid(36bd124c56a646c4a914bc0a07f7efe5) Importer(815301076,1909f56bfc062723c751e8b465ee728b)  -> (artifact id: 'bcf4fd881c70567fd77b00c03bd51d0c') in 0.048351 seconds 
========================================================================
Received Import Request.
  Time since last request: 0.000015 seconds.
  path: Assets/Low Poly Shooter Pack - Free Sample/Prefabs/Demo/P_Grid_Wall.prefab
  artifactKey: Guid(e85142d1c78f896448e46cbaebcccc58) Importer(815301076,1909f56bfc062723c751e8b465ee728b)
Start importing Assets/Low Poly Shooter Pack - Free Sample/Prefabs/Demo/P_Grid_Wall.prefab using Guid(e85142d1c78f896448e46cbaebcccc58) Importer(815301076,1909f56bfc062723c751e8b465ee728b)  -> (artifact id: 'ba61cefc03c6b7c9c0ce6664e41bf5bf') in 0.033249 seconds 
========================================================================
Received Import Request.
  Time since last request: 2.385545 seconds.
  path: Assets/Low Poly Shooter Pack - Free Sample/Prefabs/Casings/P_LPSP_Casing_Small.prefab
  artifactKey: Guid(b1995a53a949fac4db5722fc1df9efe4) Importer(815301076,1909f56bfc062723c751e8b465ee728b)
Start importing Assets/Low Poly Shooter Pack - Free Sample/Prefabs/Casings/P_LPSP_Casing_Small.prefab using Guid(b1995a53a949fac4db5722fc1df9efe4) Importer(815301076,1909f56bfc062723c751e8b465ee728b)  -> (artifact id: '0da22cec848927c604ddec8ee3d56b05') in 0.014589 seconds 
========================================================================
Received Import Request.
  Time since last request: 28.818234 seconds.
  path: Assets/Low Poly Shooter Pack - Free Sample/Scenes/S_Content_Overview/Lightmap-0_comp_light.exr
  artifactKey: Guid(99fec1ef4eea209489cf2f413d836f6b) Importer(815301076,1909f56bfc062723c751e8b465ee728b)
Start importing Assets/Low Poly Shooter Pack - Free Sample/Scenes/S_Content_Overview/Lightmap-0_comp_light.exr using Guid(99fec1ef4eea209489cf2f413d836f6b) Importer(815301076,1909f56bfc062723c751e8b465ee728b)  -> (artifact id: '6a52849a28db0c099faee73b062c5fb7') in 0.025954 seconds 
========================================================================
Received Import Request.
  Time since last request: 0.000013 seconds.
  path: Assets/Low Poly Shooter Pack - Free Sample/Scenes/S_Content_Overview/Lightmap-53_comp_light.exr
  artifactKey: Guid(bcbc4c925226c7b449792e37f7c92c45) Importer(815301076,1909f56bfc062723c751e8b465ee728b)
Start importing Assets/Low Poly Shooter Pack - Free Sample/Scenes/S_Content_Overview/Lightmap-53_comp_light.exr using Guid(bcbc4c925226c7b449792e37f7c92c45) Importer(815301076,1909f56bfc062723c751e8b465ee728b)  -> (artifact id: '863b69ae1d062c5b2c695c7785b17e86') in 0.015718 seconds 
========================================================================
Received Import Request.
  Time since last request: 0.000015 seconds.
  path: Assets/Low Poly Shooter Pack - Free Sample/Scenes/S_Content_Overview/Lightmap-39_comp_light.exr
  artifactKey: Guid(04c8791517ca9ee429d56c8f9b093e50) Importer(815301076,1909f56bfc062723c751e8b465ee728b)
Start importing Assets/Low Poly Shooter Pack - Free Sample/Scenes/S_Content_Overview/Lightmap-39_comp_light.exr using Guid(04c8791517ca9ee429d56c8f9b093e50) Importer(815301076,1909f56bfc062723c751e8b465ee728b)  -> (artifact id: 'd7ded6832180371a447ad88164df4d4b') in 0.016545 seconds 
========================================================================
Received Import Request.
  Time since last request: 0.000030 seconds.
  path: Assets/Low Poly Shooter Pack - Free Sample/Scenes/S_Content_Overview/Lightmap-63_comp_light.exr
  artifactKey: Guid(7168de4c64fb7b94e91587238cb6d5e6) Importer(815301076,1909f56bfc062723c751e8b465ee728b)
Start importing Assets/Low Poly Shooter Pack - Free Sample/Scenes/S_Content_Overview/Lightmap-63_comp_light.exr using Guid(7168de4c64fb7b94e91587238cb6d5e6) Importer(815301076,1909f56bfc062723c751e8b465ee728b)  -> (artifact id: '9a823b5edf8086628f14b6f36f142018') in 0.015841 seconds 
========================================================================
Received Import Request.
  Time since last request: 0.000014 seconds.
  path: Assets/Low Poly Shooter Pack - Free Sample/Scenes/S_Content_Overview/Lightmap-46_comp_light.exr
  artifactKey: Guid(697f4f96fc124834bb3990c591b894ad) Importer(815301076,1909f56bfc062723c751e8b465ee728b)
Start importing Assets/Low Poly Shooter Pack - Free Sample/Scenes/S_Content_Overview/Lightmap-46_comp_light.exr using Guid(697f4f96fc124834bb3990c591b894ad) Importer(815301076,1909f56bfc062723c751e8b465ee728b)  -> (artifact id: 'e4ef7c273c7f8239dfc52c13f80204ad') in 0.015603 seconds 
========================================================================
Received Import Request.
  Time since last request: 0.000015 seconds.
  path: Assets/Low Poly Shooter Pack - Free Sample/Scenes/S_Content_Overview/Lightmap-34_comp_light.exr
  artifactKey: Guid(a3a65761daa5d6b4e99c4863fb3bbec4) Importer(815301076,1909f56bfc062723c751e8b465ee728b)
Start importing Assets/Low Poly Shooter Pack - Free Sample/Scenes/S_Content_Overview/Lightmap-34_comp_light.exr using Guid(a3a65761daa5d6b4e99c4863fb3bbec4) Importer(815301076,1909f56bfc062723c751e8b465ee728b)  -> (artifact id: 'cf802d15a59a624680c0fdf52d0b518e') in 0.016503 seconds 
========================================================================
Received Import Request.
  Time since last request: 0.000014 seconds.
  path: Assets/Low Poly Shooter Pack - Free Sample/Scenes/S_Content_Overview/Lightmap-2_comp_light.exr
  artifactKey: Guid(03b8468a4d409a34bb3f4ce7ccc160de) Importer(815301076,1909f56bfc062723c751e8b465ee728b)
Start importing Assets/Low Poly Shooter Pack - Free Sample/Scenes/S_Content_Overview/Lightmap-2_comp_light.exr using Guid(03b8468a4d409a34bb3f4ce7ccc160de) Importer(815301076,1909f56bfc062723c751e8b465ee728b)  -> (artifact id: 'e981854426e86bde3643dc4897bf94f3') in 0.015613 seconds 
========================================================================
Received Import Request.
  Time since last request: 0.000016 seconds.
  path: Assets/Low Poly Shooter Pack - Free Sample/Scenes/S_Content_Overview/Lightmap-56_comp_light.exr
  artifactKey: Guid(0e9f419728850cc45a9124b0b3932bdd) Importer(815301076,1909f56bfc062723c751e8b465ee728b)
Start importing Assets/Low Poly Shooter Pack - Free Sample/Scenes/S_Content_Overview/Lightmap-56_comp_light.exr using Guid(0e9f419728850cc45a9124b0b3932bdd) Importer(815301076,1909f56bfc062723c751e8b465ee728b)  -> (artifact id: 'b6320756891b7fd6bbbd38b1a51f63b4') in 0.015315 seconds 
========================================================================
Received Import Request.
  Time since last request: 0.000022 seconds.
  path: Assets/Low Poly Shooter Pack - Free Sample/Scenes/S_Content_Overview/Lightmap-5_comp_light.exr
  artifactKey: Guid(4ba907f7bac97e247bd6b143792deb5e) Importer(815301076,1909f56bfc062723c751e8b465ee728b)
Start importing Assets/Low Poly Shooter Pack - Free Sample/Scenes/S_Content_Overview/Lightmap-5_comp_light.exr using Guid(4ba907f7bac97e247bd6b143792deb5e) Importer(815301076,1909f56bfc062723c751e8b465ee728b)  -> (artifact id: '32ef82e9109df9bfbbb6f5e40e4b5f81') in 0.015773 seconds 
========================================================================
Received Import Request.
  Time since last request: 0.000015 seconds.
  path: Assets/Low Poly Shooter Pack - Free Sample/Scenes/S_Content_Overview/Lightmap-51_comp_light.exr
  artifactKey: Guid(14d6bd6607215bb489b92812c488d125) Importer(815301076,1909f56bfc062723c751e8b465ee728b)
Start importing Assets/Low Poly Shooter Pack - Free Sample/Scenes/S_Content_Overview/Lightmap-51_comp_light.exr using Guid(14d6bd6607215bb489b92812c488d125) Importer(815301076,1909f56bfc062723c751e8b465ee728b)  -> (artifact id: '4f5e98ac7d7b963f0c8bb2121bb4e695') in 0.016154 seconds 
========================================================================
Received Import Request.
  Time since last request: 0.000020 seconds.
  path: Assets/Low Poly Shooter Pack - Free Sample/Scenes/S_Content_Overview/Lightmap-27_comp_light.exr
  artifactKey: Guid(dfbb36674be8a4741b4948becc3a519c) Importer(815301076,1909f56bfc062723c751e8b465ee728b)
Start importing Assets/Low Poly Shooter Pack - Free Sample/Scenes/S_Content_Overview/Lightmap-27_comp_light.exr using Guid(dfbb36674be8a4741b4948becc3a519c) Importer(815301076,1909f56bfc062723c751e8b465ee728b)  -> (artifact id: '1091a5f2d73a4b756f0154b48c29ecc6') in 0.016234 seconds 
========================================================================
Received Import Request.
  Time since last request: 0.000013 seconds.
  path: Assets/Low Poly Shooter Pack - Free Sample/Scenes/S_Content_Overview/Lightmap-41_comp_light.exr
  artifactKey: Guid(081eca23c57c092499a36f651eb0135b) Importer(815301076,1909f56bfc062723c751e8b465ee728b)
Start importing Assets/Low Poly Shooter Pack - Free Sample/Scenes/S_Content_Overview/Lightmap-41_comp_light.exr using Guid(081eca23c57c092499a36f651eb0135b) Importer(815301076,1909f56bfc062723c751e8b465ee728b)  -> (artifact id: 'a1ab4d9e24ee116914cecc04d458e3f4') in 0.016421 seconds 
========================================================================
Received Import Request.
  Time since last request: 0.000018 seconds.
  path: Assets/Low Poly Shooter Pack - Free Sample/Scenes/S_Content_Overview/Lightmap-50_comp_light.exr
  artifactKey: Guid(ece1ff319b9cd12409838479a8b4a27b) Importer(815301076,1909f56bfc062723c751e8b465ee728b)
Start importing Assets/Low Poly Shooter Pack - Free Sample/Scenes/S_Content_Overview/Lightmap-50_comp_light.exr using Guid(ece1ff319b9cd12409838479a8b4a27b) Importer(815301076,1909f56bfc062723c751e8b465ee728b)  -> (artifact id: '3675b72bcfd1794bc1201e2cd94579ef') in 0.015635 seconds 
========================================================================
Received Import Request.
  Time since last request: 0.000016 seconds.
  path: Assets/Low Poly Shooter Pack - Free Sample/Scenes/S_Content_Overview/Lightmap-68_comp_light.exr
  artifactKey: Guid(9f0fa70414b252b4c8bd41c03b1bea0b) Importer(815301076,1909f56bfc062723c751e8b465ee728b)
Start importing Assets/Low Poly Shooter Pack - Free Sample/Scenes/S_Content_Overview/Lightmap-68_comp_light.exr using Guid(9f0fa70414b252b4c8bd41c03b1bea0b) Importer(815301076,1909f56bfc062723c751e8b465ee728b)  -> (artifact id: '01d398f760e55de1fb59133ddf01380f') in 0.015562 seconds 
========================================================================
Received Import Request.
  Time since last request: 0.000015 seconds.
  path: Assets/Low Poly Shooter Pack - Free Sample/Scenes/S_Content_Overview/Lightmap-6_comp_light.exr
  artifactKey: Guid(4f7c1f591909dec42b7c1c66de7953dd) Importer(815301076,1909f56bfc062723c751e8b465ee728b)
Start importing Assets/Low Poly Shooter Pack - Free Sample/Scenes/S_Content_Overview/Lightmap-6_comp_light.exr using Guid(4f7c1f591909dec42b7c1c66de7953dd) Importer(815301076,1909f56bfc062723c751e8b465ee728b)  -> (artifact id: 'f17dfd48378e92ca130cde954d7d7dc8') in 0.016269 seconds 
========================================================================
Received Import Request.
  Time since last request: 0.000014 seconds.
  path: Assets/Low Poly Shooter Pack - Free Sample/Scenes/S_Content_Overview/Lightmap-33_comp_light.exr
  artifactKey: Guid(109904c621f1663439487797953b0460) Importer(815301076,1909f56bfc062723c751e8b465ee728b)
Start importing Assets/Low Poly Shooter Pack - Free Sample/Scenes/S_Content_Overview/Lightmap-33_comp_light.exr using Guid(109904c621f1663439487797953b0460) Importer(815301076,1909f56bfc062723c751e8b465ee728b)  -> (artifact id: '2960a92ab77607810e4b7a71b06e6f63') in 0.016567 seconds 
========================================================================
Received Import Request.
  Time since last request: 0.000014 seconds.
  path: Assets/Low Poly Shooter Pack - Free Sample/Scenes/S_Content_Overview/Lightmap-42_comp_light.exr
  artifactKey: Guid(94801f8fbf5cc7d4695b46632e01f70c) Importer(815301076,1909f56bfc062723c751e8b465ee728b)
Start importing Assets/Low Poly Shooter Pack - Free Sample/Scenes/S_Content_Overview/Lightmap-42_comp_light.exr using Guid(94801f8fbf5cc7d4695b46632e01f70c) Importer(815301076,1909f56bfc062723c751e8b465ee728b)  -> (artifact id: 'f2b66e0a393ee651513905c16f6f482f') in 0.017211 seconds 
========================================================================
Received Import Request.
  Time since last request: 0.000019 seconds.
  path: Assets/Low Poly Shooter Pack - Free Sample/Scenes/S_Content_Overview/Lightmap-30_comp_light.exr
  artifactKey: Guid(0f004ce5f8fb8f342967a6cef0b1b937) Importer(815301076,1909f56bfc062723c751e8b465ee728b)
Start importing Assets/Low Poly Shooter Pack - Free Sample/Scenes/S_Content_Overview/Lightmap-30_comp_light.exr using Guid(0f004ce5f8fb8f342967a6cef0b1b937) Importer(815301076,1909f56bfc062723c751e8b465ee728b)  -> (artifact id: '0d2ba0e7c62ce7c037bdee5f77f4e1d5') in 0.018011 seconds 
========================================================================
Received Import Request.
  Time since last request: 0.000020 seconds.
  path: Assets/Low Poly Shooter Pack - Free Sample/Scenes/S_Content_Overview/Lightmap-29_comp_light.exr
  artifactKey: Guid(140ccbc33551fec4ca4f7be85ac6d637) Importer(815301076,1909f56bfc062723c751e8b465ee728b)
Start importing Assets/Low Poly Shooter Pack - Free Sample/Scenes/S_Content_Overview/Lightmap-29_comp_light.exr using Guid(140ccbc33551fec4ca4f7be85ac6d637) Importer(815301076,1909f56bfc062723c751e8b465ee728b)  -> (artifact id: '3ebf8875c858360d83090bf8e94a7b5e') in 0.016546 seconds 
========================================================================
Received Import Request.
  Time since last request: 0.000016 seconds.
  path: Assets/Low Poly Shooter Pack - Free Sample/Scenes/S_Content_Overview/Lightmap-60_comp_light.exr
  artifactKey: Guid(9d0d66215f6787e428c2a6c4a40af835) Importer(815301076,1909f56bfc062723c751e8b465ee728b)
Start importing Assets/Low Poly Shooter Pack - Free Sample/Scenes/S_Content_Overview/Lightmap-60_comp_light.exr using Guid(9d0d66215f6787e428c2a6c4a40af835) Importer(815301076,1909f56bfc062723c751e8b465ee728b)  -> (artifact id: 'f06e7b9fec9b61bfa4fcff5aa6039339') in 0.017766 seconds 
========================================================================
Received Import Request.
  Time since last request: 0.000025 seconds.
  path: Assets/Low Poly Shooter Pack - Free Sample/Scenes/S_Content_Overview/Lightmap-67_comp_light.exr
  artifactKey: Guid(347b327fb45a29345be0addcd7c4a97e) Importer(815301076,1909f56bfc062723c751e8b465ee728b)
Start importing Assets/Low Poly Shooter Pack - Free Sample/Scenes/S_Content_Overview/Lightmap-67_comp_light.exr using Guid(347b327fb45a29345be0addcd7c4a97e) Importer(815301076,1909f56bfc062723c751e8b465ee728b)  -> (artifact id: 'd5c472462c6ff2087f0901db0088f58b') in 0.017351 seconds 
========================================================================
Received Import Request.
  Time since last request: 0.000017 seconds.
  path: Assets/Low Poly Shooter Pack - Free Sample/Scenes/S_Content_Overview/Lightmap-40_comp_light.exr
  artifactKey: Guid(6fe5e90b7ecf0c94d80723c31231591c) Importer(815301076,1909f56bfc062723c751e8b465ee728b)
Start importing Assets/Low Poly Shooter Pack - Free Sample/Scenes/S_Content_Overview/Lightmap-40_comp_light.exr using Guid(6fe5e90b7ecf0c94d80723c31231591c) Importer(815301076,1909f56bfc062723c751e8b465ee728b)  -> (artifact id: '0db53efc35b142699a45c9e6a97a55ca') in 0.017043 seconds 
========================================================================
Received Import Request.
  Time since last request: 0.000016 seconds.
  path: Assets/Low Poly Shooter Pack - Free Sample/Scenes/S_Content_Overview/Lightmap-62_comp_light.exr
  artifactKey: Guid(015821cb2cea8ea449942922d14abea2) Importer(815301076,1909f56bfc062723c751e8b465ee728b)
Start importing Assets/Low Poly Shooter Pack - Free Sample/Scenes/S_Content_Overview/Lightmap-62_comp_light.exr using Guid(015821cb2cea8ea449942922d14abea2) Importer(815301076,1909f56bfc062723c751e8b465ee728b)  -> (artifact id: 'c0c3c3f6c98f5df7d350f0c27ba43447') in 0.017706 seconds 
========================================================================
Received Import Request.
  Time since last request: 0.000014 seconds.
  path: Assets/Low Poly Shooter Pack - Free Sample/Scenes/S_Content_Overview/Lightmap-45_comp_light.exr
  artifactKey: Guid(d2b5d56ae1a1fa0439a57a9900423cd2) Importer(815301076,1909f56bfc062723c751e8b465ee728b)
Start importing Assets/Low Poly Shooter Pack - Free Sample/Scenes/S_Content_Overview/Lightmap-45_comp_light.exr using Guid(d2b5d56ae1a1fa0439a57a9900423cd2) Importer(815301076,1909f56bfc062723c751e8b465ee728b)  -> (artifact id: '5ba6c2397b39e87e26b14042e44649a8') in 0.016828 seconds 
========================================================================
Received Import Request.
  Time since last request: 0.000036 seconds.
  path: Assets/Low Poly Shooter Pack - Free Sample/Scenes/S_Content_Overview/Lightmap-17_comp_light.exr
  artifactKey: Guid(53f389449490afa4fb69f08b9395ef69) Importer(815301076,1909f56bfc062723c751e8b465ee728b)
Start importing Assets/Low Poly Shooter Pack - Free Sample/Scenes/S_Content_Overview/Lightmap-17_comp_light.exr using Guid(53f389449490afa4fb69f08b9395ef69) Importer(815301076,1909f56bfc062723c751e8b465ee728b)  -> (artifact id: '5dafdea87bf60b2f6d1ceb0eb2f7be9f') in 0.017153 seconds 
========================================================================
Received Import Request.
  Time since last request: 0.000015 seconds.
  path: Assets/Low Poly Shooter Pack - Free Sample/Scenes/S_Content_Overview/Lightmap-48_comp_light.exr
  artifactKey: Guid(9cd36bb8a821bc8439576b021fabdd5e) Importer(815301076,1909f56bfc062723c751e8b465ee728b)
Start importing Assets/Low Poly Shooter Pack - Free Sample/Scenes/S_Content_Overview/Lightmap-48_comp_light.exr using Guid(9cd36bb8a821bc8439576b021fabdd5e) Importer(815301076,1909f56bfc062723c751e8b465ee728b)  -> (artifact id: '78ebfcea55a6af34d59d7ca74a177443') in 0.016892 seconds 
========================================================================
Received Import Request.
  Time since last request: 0.000016 seconds.
  path: Assets/Low Poly Shooter Pack - Free Sample/Scenes/S_Content_Overview/Lightmap-38_comp_light.exr
  artifactKey: Guid(0c52cd6082b56894dafd1878ef170c8f) Importer(815301076,1909f56bfc062723c751e8b465ee728b)
Start importing Assets/Low Poly Shooter Pack - Free Sample/Scenes/S_Content_Overview/Lightmap-38_comp_light.exr using Guid(0c52cd6082b56894dafd1878ef170c8f) Importer(815301076,1909f56bfc062723c751e8b465ee728b)  -> (artifact id: '18a4cb1426f0c4a4038284d911d46f3e') in 0.017061 seconds 
========================================================================
Received Import Request.
  Time since last request: 0.000016 seconds.
  path: Assets/Low Poly Shooter Pack - Free Sample/Scenes/S_Content_Overview/Lightmap-32_comp_light.exr
  artifactKey: Guid(ecf7f2a8500867e4489171b05119a3fa) Importer(815301076,1909f56bfc062723c751e8b465ee728b)
Start importing Assets/Low Poly Shooter Pack - Free Sample/Scenes/S_Content_Overview/Lightmap-32_comp_light.exr using Guid(ecf7f2a8500867e4489171b05119a3fa) Importer(815301076,1909f56bfc062723c751e8b465ee728b)  -> (artifact id: 'd29f15c3937b61daaad83f4e4b01fb67') in 0.017587 seconds 
========================================================================
Received Import Request.
  Time since last request: 0.000018 seconds.
  path: Assets/Low Poly Shooter Pack - Free Sample/Scenes/S_Content_Overview/Lightmap-9_comp_light.exr
  artifactKey: Guid(c066a9a709c017145a056fb0508a468e) Importer(815301076,1909f56bfc062723c751e8b465ee728b)
Start importing Assets/Low Poly Shooter Pack - Free Sample/Scenes/S_Content_Overview/Lightmap-9_comp_light.exr using Guid(c066a9a709c017145a056fb0508a468e) Importer(815301076,1909f56bfc062723c751e8b465ee728b)  -> (artifact id: '0897f9af56611551b95714e260ff67bc') in 0.015850 seconds 
========================================================================
Received Import Request.
  Time since last request: 0.000016 seconds.
  path: Assets/Low Poly Shooter Pack - Free Sample/Scenes/S_Content_Overview/Lightmap-35_comp_light.exr
  artifactKey: Guid(ea5dd1a53b21fe9459218b606501b0d1) Importer(815301076,1909f56bfc062723c751e8b465ee728b)
Start importing Assets/Low Poly Shooter Pack - Free Sample/Scenes/S_Content_Overview/Lightmap-35_comp_light.exr using Guid(ea5dd1a53b21fe9459218b606501b0d1) Importer(815301076,1909f56bfc062723c751e8b465ee728b)  -> (artifact id: '5608049a1ca1aedc19ac4461c1d5411e') in 0.016809 seconds 
========================================================================
Received Import Request.
  Time since last request: 0.000014 seconds.
  path: Assets/Low Poly Shooter Pack - Free Sample/Scenes/S_Content_Overview/Lightmap-20_comp_light.exr
  artifactKey: Guid(dbdc781edbab47844aca292e7dd3e5af) Importer(815301076,1909f56bfc062723c751e8b465ee728b)
Start importing Assets/Low Poly Shooter Pack - Free Sample/Scenes/S_Content_Overview/Lightmap-20_comp_light.exr using Guid(dbdc781edbab47844aca292e7dd3e5af) Importer(815301076,1909f56bfc062723c751e8b465ee728b)  -> (artifact id: '52c6031de0f871d4d538c5a18af60f56') in 0.016316 seconds 
========================================================================
Received Import Request.
  Time since last request: 0.000037 seconds.
  path: Assets/Low Poly Shooter Pack - Free Sample/Scenes/S_Content_Overview/Lightmap-58_comp_light.exr
  artifactKey: Guid(b59c4ac931779f9488dc43dc792d89bd) Importer(815301076,1909f56bfc062723c751e8b465ee728b)
Start importing Assets/Low Poly Shooter Pack - Free Sample/Scenes/S_Content_Overview/Lightmap-58_comp_light.exr using Guid(b59c4ac931779f9488dc43dc792d89bd) Importer(815301076,1909f56bfc062723c751e8b465ee728b)  -> (artifact id: 'b82f97d1b3f8aa70b3c2c08266ce9917') in 0.016387 seconds 
========================================================================
Received Import Request.
  Time since last request: 0.000024 seconds.
  path: Assets/Low Poly Shooter Pack - Free Sample/Scenes/S_Content_Overview/Lightmap-1_comp_light.exr
  artifactKey: Guid(8533f83c655dedd42986eecc364f9f4a) Importer(815301076,1909f56bfc062723c751e8b465ee728b)
Start importing Assets/Low Poly Shooter Pack - Free Sample/Scenes/S_Content_Overview/Lightmap-1_comp_light.exr using Guid(8533f83c655dedd42986eecc364f9f4a) Importer(815301076,1909f56bfc062723c751e8b465ee728b)  -> (artifact id: '055b6b3405e365f5de4dae56ea1a8aea') in 0.016385 seconds 
========================================================================
Received Import Request.
  Time since last request: 0.000015 seconds.
  path: Assets/Low Poly Shooter Pack - Free Sample/Scenes/S_Content_Overview/Lightmap-16_comp_light.exr
  artifactKey: Guid(f4933a3f5a4498440a5165f9b84683ba) Importer(815301076,1909f56bfc062723c751e8b465ee728b)
Start importing Assets/Low Poly Shooter Pack - Free Sample/Scenes/S_Content_Overview/Lightmap-16_comp_light.exr using Guid(f4933a3f5a4498440a5165f9b84683ba) Importer(815301076,1909f56bfc062723c751e8b465ee728b)  -> (artifact id: '6f74289ccb50ae8a84aacc75bc44ed5e') in 0.017036 seconds 
========================================================================
Received Import Request.
  Time since last request: 0.000015 seconds.
  path: Assets/Low Poly Shooter Pack - Free Sample/Scenes/S_Content_Overview/Lightmap-19_comp_light.exr
  artifactKey: Guid(cf00cffaa0d8145438dca5042d29d6d4) Importer(815301076,1909f56bfc062723c751e8b465ee728b)
Start importing Assets/Low Poly Shooter Pack - Free Sample/Scenes/S_Content_Overview/Lightmap-19_comp_light.exr using Guid(cf00cffaa0d8145438dca5042d29d6d4) Importer(815301076,1909f56bfc062723c751e8b465ee728b)  -> (artifact id: 'b3aea2a5eed26b26a16d2eb28a290e94') in 0.015713 seconds 
========================================================================
Received Import Request.
  Time since last request: 1.041790 seconds.
  path: Assets/Low Poly Shooter Pack - Free Sample/Scenes/S_Content_Overview/Lightmap-71_comp_light.exr
  artifactKey: Guid(e1592a2097ec1fc4988e77277c9cff64) Importer(815301076,1909f56bfc062723c751e8b465ee728b)
Start importing Assets/Low Poly Shooter Pack - Free Sample/Scenes/S_Content_Overview/Lightmap-71_comp_light.exr using Guid(e1592a2097ec1fc4988e77277c9cff64) Importer(815301076,1909f56bfc062723c751e8b465ee728b)  -> (artifact id: '4ee0f8361dffc1681e6cec319928c161') in 0.016249 seconds 
========================================================================
Received Import Request.
  Time since last request: 0.000014 seconds.
  path: Assets/Low Poly Shooter Pack - Free Sample/Scenes/S_Content_Overview/Lightmap-75_comp_light.exr
  artifactKey: Guid(90d6e1b74e5cd8e499614bafa04d1d7c) Importer(815301076,1909f56bfc062723c751e8b465ee728b)
Start importing Assets/Low Poly Shooter Pack - Free Sample/Scenes/S_Content_Overview/Lightmap-75_comp_light.exr using Guid(90d6e1b74e5cd8e499614bafa04d1d7c) Importer(815301076,1909f56bfc062723c751e8b465ee728b)  -> (artifact id: '81817ed373b7ca33cd4ef89c521b862e') in 0.016054 seconds 
========================================================================
Received Import Request.
  Time since last request: 0.000015 seconds.
  path: Assets/Low Poly Shooter Pack - Free Sample/Scenes/S_Content_Overview/Lightmap-83_comp_light.exr
  artifactKey: Guid(35b1341b19f35cb458321001b8290b2f) Importer(815301076,1909f56bfc062723c751e8b465ee728b)
Start importing Assets/Low Poly Shooter Pack - Free Sample/Scenes/S_Content_Overview/Lightmap-83_comp_light.exr using Guid(35b1341b19f35cb458321001b8290b2f) Importer(815301076,1909f56bfc062723c751e8b465ee728b)  -> (artifact id: 'be8bde5cbe169d136256dc6d95ca683d') in 0.020365 seconds 
========================================================================
Received Import Request.
  Time since last request: 0.000015 seconds.
  path: Assets/Low Poly Shooter Pack - Free Sample/Scenes/S_Content_Overview/Lightmap-80_comp_light.exr
  artifactKey: Guid(9d5a98cf48ea1e34ea895f782619436c) Importer(815301076,1909f56bfc062723c751e8b465ee728b)
Start importing Assets/Low Poly Shooter Pack - Free Sample/Scenes/S_Content_Overview/Lightmap-80_comp_light.exr using Guid(9d5a98cf48ea1e34ea895f782619436c) Importer(815301076,1909f56bfc062723c751e8b465ee728b)  -> (artifact id: '55c8dc9b2c9e0916f2f4b0f17092c3b3') in 0.017459 seconds 
========================================================================
Received Import Request.
  Time since last request: 0.000014 seconds.
  path: Assets/Low Poly Shooter Pack - Free Sample/Scenes/S_Content_Overview/Lightmap-77_comp_light.exr
  artifactKey: Guid(2e2e5a9a5cd8aad4e9203693ef891299) Importer(815301076,1909f56bfc062723c751e8b465ee728b)
Start importing Assets/Low Poly Shooter Pack - Free Sample/Scenes/S_Content_Overview/Lightmap-77_comp_light.exr using Guid(2e2e5a9a5cd8aad4e9203693ef891299) Importer(815301076,1909f56bfc062723c751e8b465ee728b)  -> (artifact id: 'b7e2f40733c2b79594e770384c92d4cc') in 0.016334 seconds 
========================================================================
Received Import Request.
  Time since last request: 0.000013 seconds.
  path: Assets/Low Poly Shooter Pack - Free Sample/Scenes/S_Content_Overview/Lightmap-92_comp_light.exr
  artifactKey: Guid(116214cc4d4cfc644a489e933379cda7) Importer(815301076,1909f56bfc062723c751e8b465ee728b)
Start importing Assets/Low Poly Shooter Pack - Free Sample/Scenes/S_Content_Overview/Lightmap-92_comp_light.exr using Guid(116214cc4d4cfc644a489e933379cda7) Importer(815301076,1909f56bfc062723c751e8b465ee728b)  -> (artifact id: 'e74427bce04abb4b002501ba7a42a4e2') in 0.017166 seconds 
========================================================================
Received Import Request.
  Time since last request: 0.000016 seconds.
  path: Assets/Low Poly Shooter Pack - Free Sample/Scenes/S_Content_Overview/Lightmap-95_comp_light.exr
  artifactKey: Guid(ade2ec397b9db044787d626f99ff48d0) Importer(815301076,1909f56bfc062723c751e8b465ee728b)
Start importing Assets/Low Poly Shooter Pack - Free Sample/Scenes/S_Content_Overview/Lightmap-95_comp_light.exr using Guid(ade2ec397b9db044787d626f99ff48d0) Importer(815301076,1909f56bfc062723c751e8b465ee728b)  -> (artifact id: '839e83a6caafbd2170a3f054a333b8b6') in 0.017078 seconds 
========================================================================
Received Import Request.
  Time since last request: 0.000030 seconds.
  path: Assets/Low Poly Shooter Pack - Free Sample/Scenes/S_Content_Overview/Lightmap-90_comp_light.exr
  artifactKey: Guid(20be54a2cd6b9e34b85652fbf09179ab) Importer(815301076,1909f56bfc062723c751e8b465ee728b)
Start importing Assets/Low Poly Shooter Pack - Free Sample/Scenes/S_Content_Overview/Lightmap-90_comp_light.exr using Guid(20be54a2cd6b9e34b85652fbf09179ab) Importer(815301076,1909f56bfc062723c751e8b465ee728b)  -> (artifact id: 'f6534229815ed6970d0737363aec6654') in 0.017418 seconds 
========================================================================
Received Import Request.
  Time since last request: 0.000015 seconds.
  path: Assets/Low Poly Shooter Pack - Free Sample/Scenes/S_Content_Overview/Lightmap-86_comp_light.exr
  artifactKey: Guid(979804f4f0516a04a982f478f631bba9) Importer(815301076,1909f56bfc062723c751e8b465ee728b)
Start importing Assets/Low Poly Shooter Pack - Free Sample/Scenes/S_Content_Overview/Lightmap-86_comp_light.exr using Guid(979804f4f0516a04a982f478f631bba9) Importer(815301076,1909f56bfc062723c751e8b465ee728b)  -> (artifact id: '95bb38881fc2de2168cb6e7add931120') in 0.016397 seconds 
========================================================================
Received Import Request.
  Time since last request: 0.000017 seconds.
  path: Assets/Low Poly Shooter Pack - Free Sample/Scenes/S_Content_Overview/Lightmap-96_comp_light.exr
  artifactKey: Guid(646bcb7144096a74b90136a2adb41854) Importer(815301076,1909f56bfc062723c751e8b465ee728b)
Start importing Assets/Low Poly Shooter Pack - Free Sample/Scenes/S_Content_Overview/Lightmap-96_comp_light.exr using Guid(646bcb7144096a74b90136a2adb41854) Importer(815301076,1909f56bfc062723c751e8b465ee728b)  -> (artifact id: '887c3f15aa0a77be940450fcd7ebfa56') in 0.017335 seconds 
========================================================================
Received Import Request.
  Time since last request: 0.000015 seconds.
  path: Assets/Low Poly Shooter Pack - Free Sample/Scenes/S_Content_Overview/Lightmap-82_comp_light.exr
  artifactKey: Guid(d35ab03d4c41ea548bef4ab348d06c9e) Importer(815301076,1909f56bfc062723c751e8b465ee728b)
Start importing Assets/Low Poly Shooter Pack - Free Sample/Scenes/S_Content_Overview/Lightmap-82_comp_light.exr using Guid(d35ab03d4c41ea548bef4ab348d06c9e) Importer(815301076,1909f56bfc062723c751e8b465ee728b)  -> (artifact id: '3360e6c090b003e7a855afdd01c829d2') in 0.018805 seconds 
========================================================================
Received Import Request.
  Time since last request: 0.000015 seconds.
  path: Assets/Low Poly Shooter Pack - Free Sample/Scenes/S_Content_Overview/Lightmap-94_comp_light.exr
  artifactKey: Guid(6eab5923aabaa184cb8cd146bf5d9d3d) Importer(815301076,1909f56bfc062723c751e8b465ee728b)
Start importing Assets/Low Poly Shooter Pack - Free Sample/Scenes/S_Content_Overview/Lightmap-94_comp_light.exr using Guid(6eab5923aabaa184cb8cd146bf5d9d3d) Importer(815301076,1909f56bfc062723c751e8b465ee728b)  -> (artifact id: '2a1ffd178d52cc3c3dceb4216926f32b') in 0.016114 seconds 
========================================================================
Received Import Request.
  Time since last request: 0.000014 seconds.
  path: Assets/Low Poly Shooter Pack - Free Sample/Scenes/S_Content_Overview/Lightmap-79_comp_light.exr
  artifactKey: Guid(8ddb24021e2502c49a026f22caa245fd) Importer(815301076,1909f56bfc062723c751e8b465ee728b)
Start importing Assets/Low Poly Shooter Pack - Free Sample/Scenes/S_Content_Overview/Lightmap-79_comp_light.exr using Guid(8ddb24021e2502c49a026f22caa245fd) Importer(815301076,1909f56bfc062723c751e8b465ee728b)  -> (artifact id: 'aa322a392f3f3836d54b663fe5ac7a84') in 0.017043 seconds 
========================================================================
Received Import Request.
  Time since last request: 0.000019 seconds.
  path: Assets/Low Poly Shooter Pack - Free Sample/Scenes/S_Content_Overview/Lightmap-73_comp_light.exr
  artifactKey: Guid(ba2010bd68632174fa60a613c8ad3368) Importer(815301076,1909f56bfc062723c751e8b465ee728b)
Start importing Assets/Low Poly Shooter Pack - Free Sample/Scenes/S_Content_Overview/Lightmap-73_comp_light.exr using Guid(ba2010bd68632174fa60a613c8ad3368) Importer(815301076,1909f56bfc062723c751e8b465ee728b)  -> (artifact id: 'fb455d2b97b445fca4244889d2725824') in 0.016415 seconds 
========================================================================
Received Import Request.
  Time since last request: 0.489910 seconds.
  path: Assets/Low Poly Shooter Pack - Free Sample/Scenes/S_Content_Overview/Lightmap-99_comp_light.exr
  artifactKey: Guid(8dc3bb1b8fcd08f418d4ef99b1471cee) Importer(815301076,1909f56bfc062723c751e8b465ee728b)
Start importing Assets/Low Poly Shooter Pack - Free Sample/Scenes/S_Content_Overview/Lightmap-99_comp_light.exr using Guid(8dc3bb1b8fcd08f418d4ef99b1471cee) Importer(815301076,1909f56bfc062723c751e8b465ee728b)  -> (artifact id: '9a0ef3c48c5d17c21384db28bd429e39') in 0.018649 seconds 
========================================================================
Received Import Request.
  Time since last request: 0.000013 seconds.
  path: Assets/Low Poly Shooter Pack - Free Sample/Scenes/S_Content_Overview/Lightmap-101_comp_light.exr
  artifactKey: Guid(ee71c4913ce40cd4da8249b034875107) Importer(815301076,1909f56bfc062723c751e8b465ee728b)
Start importing Assets/Low Poly Shooter Pack - Free Sample/Scenes/S_Content_Overview/Lightmap-101_comp_light.exr using Guid(ee71c4913ce40cd4da8249b034875107) Importer(815301076,1909f56bfc062723c751e8b465ee728b)  -> (artifact id: 'cfa85b7159a8347d9a1bd4f656982eb5') in 0.019185 seconds 
========================================================================
Received Import Request.
  Time since last request: 0.000015 seconds.
  path: Assets/Low Poly Shooter Pack - Free Sample/Scenes/S_Content_Overview/Lightmap-115_comp_light.exr
  artifactKey: Guid(279fe19cfde77b14191111e4d6d4b91f) Importer(815301076,1909f56bfc062723c751e8b465ee728b)
Start importing Assets/Low Poly Shooter Pack - Free Sample/Scenes/S_Content_Overview/Lightmap-115_comp_light.exr using Guid(279fe19cfde77b14191111e4d6d4b91f) Importer(815301076,1909f56bfc062723c751e8b465ee728b)  -> (artifact id: '746d3bef4088f23fad8de715ee9ac915') in 0.016927 seconds 
========================================================================
Received Import Request.
  Time since last request: 0.000013 seconds.
  path: Assets/Low Poly Shooter Pack - Free Sample/Scenes/S_Content_Overview/Lightmap-113_comp_light.exr
  artifactKey: Guid(7fec7190c9438af40b1b1044bfce8183) Importer(815301076,1909f56bfc062723c751e8b465ee728b)
Start importing Assets/Low Poly Shooter Pack - Free Sample/Scenes/S_Content_Overview/Lightmap-113_comp_light.exr using Guid(7fec7190c9438af40b1b1044bfce8183) Importer(815301076,1909f56bfc062723c751e8b465ee728b)  -> (artifact id: 'b115814fd60f9f6adcf1caed21a06159') in 0.029498 seconds 
========================================================================
Received Import Request.
  Time since last request: 0.000014 seconds.
  path: Assets/Low Poly Shooter Pack - Free Sample/Scenes/S_Content_Overview/Lightmap-114_comp_light.exr
  artifactKey: Guid(76640f4284942514ebb37fa2b6da2933) Importer(815301076,1909f56bfc062723c751e8b465ee728b)
Start importing Assets/Low Poly Shooter Pack - Free Sample/Scenes/S_Content_Overview/Lightmap-114_comp_light.exr using Guid(76640f4284942514ebb37fa2b6da2933) Importer(815301076,1909f56bfc062723c751e8b465ee728b)  -> (artifact id: '12d5f1bdf4fe992d0ea6f04b69dc26a4') in 0.018879 seconds 
========================================================================
Received Import Request.
  Time since last request: 0.000013 seconds.
  path: Assets/Low Poly Shooter Pack - Free Sample/Scenes/S_Content_Overview/Lightmap-118_comp_light.exr
  artifactKey: Guid(0f437c50568069c4dbec521efc409cb6) Importer(815301076,1909f56bfc062723c751e8b465ee728b)
Start importing Assets/Low Poly Shooter Pack - Free Sample/Scenes/S_Content_Overview/Lightmap-118_comp_light.exr using Guid(0f437c50568069c4dbec521efc409cb6) Importer(815301076,1909f56bfc062723c751e8b465ee728b)  -> (artifact id: 'e12a7a00329abda633b0a01886911050') in 0.020249 seconds 
========================================================================
Received Import Request.
  Time since last request: 0.000014 seconds.
  path: Assets/Low Poly Shooter Pack - Free Sample/Scenes/S_Content_Overview/Lightmap-111_comp_light.exr
  artifactKey: Guid(d974eb3dd20427543b06df1d7c4190a5) Importer(815301076,1909f56bfc062723c751e8b465ee728b)
Start importing Assets/Low Poly Shooter Pack - Free Sample/Scenes/S_Content_Overview/Lightmap-111_comp_light.exr using Guid(d974eb3dd20427543b06df1d7c4190a5) Importer(815301076,1909f56bfc062723c751e8b465ee728b)  -> (artifact id: '6dc9974c33121b13e9f413c879f953d5') in 0.020102 seconds 
========================================================================
Received Import Request.
  Time since last request: 0.000014 seconds.
  path: Assets/Low Poly Shooter Pack - Free Sample/Scenes/S_Content_Overview/OcclusionCullingData.asset
  artifactKey: Guid(1aff15d174b0a654e88e25ac32b2220c) Importer(815301076,1909f56bfc062723c751e8b465ee728b)
Start importing Assets/Low Poly Shooter Pack - Free Sample/Scenes/S_Content_Overview/OcclusionCullingData.asset using Guid(1aff15d174b0a654e88e25ac32b2220c) Importer(815301076,1909f56bfc062723c751e8b465ee728b)  -> (artifact id: '61e7de225422df3d03d5c93d57852b07') in 0.013997 seconds 
========================================================================
Received Import Request.
  Time since last request: 0.000016 seconds.
  path: Assets/Low Poly Shooter Pack - Free Sample/Scenes/S_Content_Overview/Lightmap-106_comp_light.exr
  artifactKey: Guid(1f5a77e507138b54193cb4c9a692aa73) Importer(815301076,1909f56bfc062723c751e8b465ee728b)
Start importing Assets/Low Poly Shooter Pack - Free Sample/Scenes/S_Content_Overview/Lightmap-106_comp_light.exr using Guid(1f5a77e507138b54193cb4c9a692aa73) Importer(815301076,1909f56bfc062723c751e8b465ee728b)  -> (artifact id: '0ed1aff8bfde64a5d2832d65643ef99d') in 0.015920 seconds 
========================================================================
Received Import Request.
  Time since last request: 0.000024 seconds.
  path: Assets/Low Poly Shooter Pack - Free Sample/Scenes/S_Content_Overview/Lightmap-108_comp_light.exr
  artifactKey: Guid(f82830d5cfca39f49af132ad8febb28d) Importer(815301076,1909f56bfc062723c751e8b465ee728b)
Start importing Assets/Low Poly Shooter Pack - Free Sample/Scenes/S_Content_Overview/Lightmap-108_comp_light.exr using Guid(f82830d5cfca39f49af132ad8febb28d) Importer(815301076,1909f56bfc062723c751e8b465ee728b)  -> (artifact id: 'b4580a97fa1680201600aa66a0a88b6c') in 0.016026 seconds 
========================================================================
Received Import Request.
  Time since last request: 0.000016 seconds.
  path: Assets/Low Poly Shooter Pack - Free Sample/Scenes/S_Content_Overview/Lightmap-116_comp_light.exr
  artifactKey: Guid(2e292a96cd52f2b4aae199be6e643c71) Importer(815301076,1909f56bfc062723c751e8b465ee728b)
Start importing Assets/Low Poly Shooter Pack - Free Sample/Scenes/S_Content_Overview/Lightmap-116_comp_light.exr using Guid(2e292a96cd52f2b4aae199be6e643c71) Importer(815301076,1909f56bfc062723c751e8b465ee728b)  -> (artifact id: '76b47f7fe0f6615057f58dad3eaa5b6a') in 0.016249 seconds 
========================================================================
Received Import Request.
  Time since last request: 0.000014 seconds.
  path: Assets/Low Poly Shooter Pack - Free Sample/Scenes/S_Content_Overview/Lightmap-117_comp_light.exr
  artifactKey: Guid(d4098db3ba69a184cbd75542c4b4d42d) Importer(815301076,1909f56bfc062723c751e8b465ee728b)
Start importing Assets/Low Poly Shooter Pack - Free Sample/Scenes/S_Content_Overview/Lightmap-117_comp_light.exr using Guid(d4098db3ba69a184cbd75542c4b4d42d) Importer(815301076,1909f56bfc062723c751e8b465ee728b)  -> (artifact id: '432bbab19a32db156f7581599bfc91ff') in 0.016728 seconds 
========================================================================
Received Import Request.
  Time since last request: 0.000015 seconds.
  path: Assets/Low Poly Shooter Pack - Free Sample/Scenes/S_Content_Overview/Lightmap-109_comp_light.exr
  artifactKey: Guid(0615c33dc21995941a2ebb30a94f0b68) Importer(815301076,1909f56bfc062723c751e8b465ee728b)
Start importing Assets/Low Poly Shooter Pack - Free Sample/Scenes/S_Content_Overview/Lightmap-109_comp_light.exr using Guid(0615c33dc21995941a2ebb30a94f0b68) Importer(815301076,1909f56bfc062723c751e8b465ee728b)  -> (artifact id: '06965e3d8927fa0cf22ccf2b2cd0f3cd') in 0.023325 seconds 
